Output of:
arm-hisiv500-linux-gcc -Wall -Wshadow -Wwrite-strings -Wundef -Wstrict-prototypes -Wunused -Wunused-parameter -Wunused-function -Wunused-value -Wmissing-prototypes -Wmissing-declarations -Wdeclaration-after-statement -Wold-style-definition -fno-builtin-strlen -finline-limit=0 -fomit-frame-pointer -ffunction-sections -fdata-sections -fno-guess-branch-probability -funsigned-char -static-libgcc -falign-functions=1 -falign-jumps=1 -falign-labels=1 -falign-loops=1 -Os -march=armv7-a -mcpu=cortex-a7 -mfloat-abi=softfp -mfpu=neon-vfpv4 -static -o busybox_unstripped -Wl,--sort-common -Wl,--sort-section,alignment -Wl,--gc-sections -Wl,--start-group applets/built-in.o archival/lib.a archival/libarchive/lib.a console-tools/lib.a coreutils/lib.a coreutils/libcoreutils/lib.a debianutils/lib.a e2fsprogs/lib.a editors/lib.a findutils/lib.a init/lib.a libbb/lib.a libpwdgrp/lib.a loginutils/lib.a mailutils/lib.a miscutils/lib.a modutils/lib.a networking/lib.a networking/libiproute/lib.a networking/udhcp/lib.a printutils/lib.a procps/lib.a runit/lib.a selinux/lib.a shell/lib.a sysklogd/lib.a util-linux/lib.a util-linux/volume_id/lib.a archival/built-in.o archival/libarchive/built-in.o console-tools/built-in.o coreutils/built-in.o coreutils/libcoreutils/built-in.o debianutils/built-in.o e2fsprogs/built-in.o editors/built-in.o findutils/built-in.o init/built-in.o libbb/built-in.o libpwdgrp/built-in.o loginutils/built-in.o mailutils/built-in.o miscutils/built-in.o modutils/built-in.o networking/built-in.o networking/libiproute/built-in.o networking/udhcp/built-in.o printutils/built-in.o procps/built-in.o runit/built-in.o selinux/built-in.o shell/built-in.o sysklogd/built-in.o util-linux/built-in.o util-linux/volume_id/built-in.o -Wl,--end-group -Wl,--start-group -lm -Wl,--end-group -Wl,--warn-common -Wl,-Map,busybox_unstripped.map -Wl,--verbose
==========
GNU ld (Hisilicon_v500_20160223) Linaro 2015.01-2 2.25.0
  支持的仿真：
   armelf_linux_eabi
   armelfb_linux_eabi
使用内部链接脚本：
==================================================
/* Script for -z combreloc: combine and sort reloc sections */
/* Copyright (C) 2014 Free Software Foundation, Inc.
   Copying and distribution of this script, with or without modification,
   are permitted in any medium without royalty provided the copyright
   notice and this notice are preserved.  */
OUTPUT_FORMAT("elf32-littlearm", "elf32-bigarm",
	      "elf32-littlearm")
OUTPUT_ARCH(arm)
ENTRY(_start)
SEARCH_DIR("=/home/sying/build-toolchain/gcc-uclibc/install/arm-hisiv500-linux/arm-hisiv500-linux-uclibcgnueabi/lib"); SEARCH_DIR("=/usr/local/lib"); SEARCH_DIR("=/lib"); SEARCH_DIR("=/usr/lib");
SECTIONS
{
  /* Read-only sections, merged into text segment: */
  PROVIDE (__executable_start = SEGMENT_START("text-segment", 0x00010000)); . = SEGMENT_START("text-segment", 0x00010000) + SIZEOF_HEADERS;
  .interp         : { *(.interp) }
  .note.gnu.build-id : { *(.note.gnu.build-id) }
  .hash           : { *(.hash) }
  .gnu.hash       : { *(.gnu.hash) }
  .dynsym         : { *(.dynsym) }
  .dynstr         : { *(.dynstr) }
  .gnu.version    : { *(.gnu.version) }
  .gnu.version_d  : { *(.gnu.version_d) }
  .gnu.version_r  : { *(.gnu.version_r) }
  .rel.dyn        :
    {
      *(.rel.init)
      *(.rel.text .rel.text.* .rel.gnu.linkonce.t.*)
      *(.rel.fini)
      *(.rel.rodata .rel.rodata.* .rel.gnu.linkonce.r.*)
      *(.rel.data.rel.ro .rel.data.rel.ro.* .rel.gnu.linkonce.d.rel.ro.*)
      *(.rel.data .rel.data.* .rel.gnu.linkonce.d.*)
      *(.rel.tdata .rel.tdata.* .rel.gnu.linkonce.td.*)
      *(.rel.tbss .rel.tbss.* .rel.gnu.linkonce.tb.*)
      *(.rel.ctors)
      *(.rel.dtors)
      *(.rel.got)
      *(.rel.bss .rel.bss.* .rel.gnu.linkonce.b.*)
      PROVIDE_HIDDEN (__rel_iplt_start = .);
      *(.rel.iplt)
      PROVIDE_HIDDEN (__rel_iplt_end = .);
    }
  .rela.dyn       :
    {
      *(.rela.init)
      *(.rela.text .rela.text.* .rela.gnu.linkonce.t.*)
      *(.rela.fini)
      *(.rela.rodata .rela.rodata.* .rela.gnu.linkonce.r.*)
      *(.rela.data .rela.data.* .rela.gnu.linkonce.d.*)
      *(.rela.tdata .rela.tdata.* .rela.gnu.linkonce.td.*)
      *(.rela.tbss .rela.tbss.* .rela.gnu.linkonce.tb.*)
      *(.rela.ctors)
      *(.rela.dtors)
      *(.rela.got)
      *(.rela.bss .rela.bss.* .rela.gnu.linkonce.b.*)
      PROVIDE_HIDDEN (__rela_iplt_start = .);
      *(.rela.iplt)
      PROVIDE_HIDDEN (__rela_iplt_end = .);
    }
  .rel.plt        :
    {
      *(.rel.plt)
    }
  .rela.plt       :
    {
      *(.rela.plt)
    }
  .init           :
  {
    KEEP (*(SORT_NONE(.init)))
  }
  .plt            : { *(.plt) }
  .iplt           : { *(.iplt) }
  .text           :
  {
    *(.text.unlikely .text.*_unlikely .text.unlikely.*)
    *(.text.exit .text.exit.*)
    *(.text.startup .text.startup.*)
    *(.text.hot .text.hot.*)
    *(.text .stub .text.* .gnu.linkonce.t.*)
    /* .gnu.warning sections are handled specially by elf32.em.  */
    *(.gnu.warning)
    *(.glue_7t) *(.glue_7) *(.vfp11_veneer) *(.v4_bx)
  }
  .fini           :
  {
    KEEP (*(SORT_NONE(.fini)))
  }
  PROVIDE (__etext = .);
  PROVIDE (_etext = .);
  PROVIDE (etext = .);
  .rodata         : { *(.rodata .rodata.* .gnu.linkonce.r.*) }
  .rodata1        : { *(.rodata1) }
  .ARM.extab   : { *(.ARM.extab* .gnu.linkonce.armextab.*) }
   PROVIDE_HIDDEN (__exidx_start = .);
  .ARM.exidx   : { *(.ARM.exidx* .gnu.linkonce.armexidx.*) }
   PROVIDE_HIDDEN (__exidx_end = .);
  .eh_frame_hdr : { *(.eh_frame_hdr) }
  .eh_frame       : ONLY_IF_RO { KEEP (*(.eh_frame)) }
  .gcc_except_table   : ONLY_IF_RO { *(.gcc_except_table
  .gcc_except_table.*) }
  /* These sections are generated by the Sun/Oracle C++ compiler.  */
  .exception_ranges   : ONLY_IF_RO { *(.exception_ranges
  .exception_ranges*) }
  /* Adjust the address for the data segment.  We want to adjust up to
     the same address within the page on the next page up.  */
  . = ALIGN (CONSTANT (MAXPAGESIZE)) - ((CONSTANT (MAXPAGESIZE) - .) & (CONSTANT (MAXPAGESIZE) - 1)); . = DATA_SEGMENT_ALIGN (CONSTANT (MAXPAGESIZE), CONSTANT (COMMONPAGESIZE));
  /* Exception handling  */
  .eh_frame       : ONLY_IF_RW { KEEP (*(.eh_frame)) }
  .gcc_except_table   : ONLY_IF_RW { *(.gcc_except_table .gcc_except_table.*) }
  .exception_ranges   : ONLY_IF_RW { *(.exception_ranges .exception_ranges*) }
  /* Thread Local Storage sections  */
  .tdata	  : { *(.tdata .tdata.* .gnu.linkonce.td.*) }
  .tbss		  : { *(.tbss .tbss.* .gnu.linkonce.tb.*) *(.tcommon) }
  .preinit_array     :
  {
    PROVIDE_HIDDEN (__preinit_array_start = .);
    KEEP (*(.preinit_array))
    PROVIDE_HIDDEN (__preinit_array_end = .);
  }
  .init_array     :
  {
    PROVIDE_HIDDEN (__init_array_start = .);
    KEEP (*(SORT(.init_array.*)))
    KEEP (*(.init_array ))
    PROVIDE_HIDDEN (__init_array_end = .);
  }
  .fini_array     :
  {
    PROVIDE_HIDDEN (__fini_array_start = .);
    KEEP (*(SORT(.fini_array.*)))
    KEEP (*(.fini_array ))
    PROVIDE_HIDDEN (__fini_array_end = .);
  }
  .ctors          :
  {
    /* gcc uses crtbegin.o to find the start of
       the constructors, so we make sure it is
       first.  Because this is a wildcard, it
       doesn't matter if the user does not
       actually link against crtbegin.o; the
       linker won't look for a file to match a
       wildcard.  The wildcard also means that it
       doesn't matter which directory crtbegin.o
       is in.  */
    KEEP (*crtbegin.o(.ctors))
    KEEP (*crtbegin?.o(.ctors))
    /* We don't want to include the .ctor section from
       the crtend.o file until after the sorted ctors.
       The .ctor section from the crtend file contains the
       end of ctors marker and it must be last */
    KEEP (*(EXCLUDE_FILE (*crtend.o *crtend?.o ) .ctors))
    KEEP (*(SORT(.ctors.*)))
    KEEP (*(.ctors))
  }
  .dtors          :
  {
    KEEP (*crtbegin.o(.dtors))
    KEEP (*crtbegin?.o(.dtors))
    KEEP (*(EXCLUDE_FILE (*crtend.o *crtend?.o ) .dtors))
    KEEP (*(SORT(.dtors.*)))
    KEEP (*(.dtors))
  }
  .jcr            : { KEEP (*(.jcr)) }
  .data.rel.ro : { *(.data.rel.ro.local* .gnu.linkonce.d.rel.ro.local.*) *(.data.rel.ro .data.rel.ro.* .gnu.linkonce.d.rel.ro.*) }
  .dynamic        : { *(.dynamic) }
  . = DATA_SEGMENT_RELRO_END (0, .);
  .got            : { *(.got.plt) *(.igot.plt) *(.got) *(.igot) }
  .data           :
  {
    PROVIDE (__data_start = .);
    *(.data .data.* .gnu.linkonce.d.*)
    SORT(CONSTRUCTORS)
  }
  .data1          : { *(.data1) }
  _edata = .; PROVIDE (edata = .);
  . = .;
  __bss_start = .;
  __bss_start__ = .;
  .bss            :
  {
   *(.dynbss)
   *(.bss .bss.* .gnu.linkonce.b.*)
   *(COMMON)
   /* Align here to ensure that the .bss section occupies space up to
      _end.  Align after .bss to ensure correct alignment even if the
      .bss section disappears because there are no input sections.
      FIXME: Why do we need it? When there is no .bss section, we don't
      pad the .data section.  */
   . = ALIGN(. != 0 ? 32 / 8 : 1);
  }
  _bss_end__ = . ; __bss_end__ = . ;
  . = ALIGN(32 / 8);
  . = SEGMENT_START("ldata-segment", .);
  . = ALIGN(32 / 8);
  __end__ = . ;
  _end = .; PROVIDE (end = .);
  . = DATA_SEGMENT_END (.);
  /* Stabs debugging sections.  */
  .stab          0 : { *(.stab) }
  .stabstr       0 : { *(.stabstr) }
  .stab.excl     0 : { *(.stab.excl) }
  .stab.exclstr  0 : { *(.stab.exclstr) }
  .stab.index    0 : { *(.stab.index) }
  .stab.indexstr 0 : { *(.stab.indexstr) }
  .comment       0 : { *(.comment) }
  /* DWARF debug sections.
     Symbols in the DWARF debugging sections are relative to the beginning
     of the section so we begin them at 0.  */
  /* DWARF 1 */
  .debug          0 : { *(.debug) }
  .line           0 : { *(.line) }
  /* GNU DWARF 1 extensions */
  .debug_srcinfo  0 : { *(.debug_srcinfo) }
  .debug_sfnames  0 : { *(.debug_sfnames) }
  /* DWARF 1.1 and DWARF 2 */
  .debug_aranges  0 : { *(.debug_aranges) }
  .debug_pubnames 0 : { *(.debug_pubnames) }
  /* DWARF 2 */
  .debug_info     0 : { *(.debug_info .gnu.linkonce.wi.*) }
  .debug_abbrev   0 : { *(.debug_abbrev) }
  .debug_line     0 : { *(.debug_line .debug_line.* .debug_line_end ) }
  .debug_frame    0 : { *(.debug_frame) }
  .debug_str      0 : { *(.debug_str) }
  .debug_loc      0 : { *(.debug_loc) }
  .debug_macinfo  0 : { *(.debug_macinfo) }
  /* SGI/MIPS DWARF 2 extensions */
  .debug_weaknames 0 : { *(.debug_weaknames) }
  .debug_funcnames 0 : { *(.debug_funcnames) }
  .debug_typenames 0 : { *(.debug_typenames) }
  .debug_varnames  0 : { *(.debug_varnames) }
  /* DWARF 3 */
  .debug_pubtypes 0 : { *(.debug_pubtypes) }
  .debug_ranges   0 : { *(.debug_ranges) }
  /* DWARF Extension.  */
  .debug_macro    0 : { *(.debug_macro) }
  .gnu.attributes 0 : { KEEP (*(.gnu.attributes)) }
  .note.gnu.arm.ident 0 : { KEEP (*(.note.gnu.arm.ident)) }
  /DISCARD/ : { *(.note.GNU-stack) *(.gnu_debuglink) *(.gnu.lto_*) }
}


==================================================
试图打开 /opt/hisi-linux/x86-arm/arm-hisiv500-linux/bin/../target/usr/lib/a7_softfp_neon-vfpv4/crt1.o 成功
/opt/hisi-linux/x86-arm/arm-hisiv500-linux/bin/../target/usr/lib/a7_softfp_neon-vfpv4/crt1.o
试图打开 /opt/hisi-linux/x86-arm/arm-hisiv500-linux/bin/../target/usr/lib/a7_softfp_neon-vfpv4/crti.o 成功
/opt/hisi-linux/x86-arm/arm-hisiv500-linux/bin/../target/usr/lib/a7_softfp_neon-vfpv4/crti.o
试图打开 /opt/hisi-linux/x86-arm/arm-hisiv500-linux/bin/../lib/gcc/arm-hisiv500-linux-uclibcgnueabi/4.9.4/a7_softfp_neon-vfpv4/crtbeginT.o 成功
/opt/hisi-linux/x86-arm/arm-hisiv500-linux/bin/../lib/gcc/arm-hisiv500-linux-uclibcgnueabi/4.9.4/a7_softfp_neon-vfpv4/crtbeginT.o
试图打开 applets/built-in.o 成功
applets/built-in.o
试图打开 archival/lib.a 成功
试图打开 archival/libarchive/lib.a 成功
试图打开 console-tools/lib.a 成功
试图打开 coreutils/lib.a 成功
试图打开 coreutils/libcoreutils/lib.a 成功
试图打开 debianutils/lib.a 成功
试图打开 e2fsprogs/lib.a 成功
试图打开 editors/lib.a 成功
试图打开 findutils/lib.a 成功
试图打开 init/lib.a 成功
试图打开 libbb/lib.a 成功
(libbb/lib.a)appletlib.o
(libbb/lib.a)concat_path_file.o
(libbb/lib.a)default_error_retval.o
(libbb/lib.a)get_last_path_component.o
(libbb/lib.a)last_char_is.o
(libbb/lib.a)llist.o
(libbb/lib.a)messages.o
(libbb/lib.a)perror_msg.o
(libbb/lib.a)ptr_to_globals.o
(libbb/lib.a)skip_whitespace.o
(libbb/lib.a)verror_msg.o
(libbb/lib.a)wfopen.o
(libbb/lib.a)xfunc_die.o
(libbb/lib.a)xfuncs.o
(libbb/lib.a)xfuncs_printf.o
(libbb/lib.a)xreadlink.o
(libbb/lib.a)copyfd.o
(libbb/lib.a)full_write.o
(libbb/lib.a)read.o
(libbb/lib.a)safe_write.o
(libbb/lib.a)time.o
(libbb/lib.a)bb_strtonum.o
试图打开 libpwdgrp/lib.a 成功
(libpwdgrp/lib.a)pwd_grp.o
(libpwdgrp/lib.a)uidgid_get.o
试图打开 loginutils/lib.a 成功
(loginutils/lib.a)add-remove-shell.o
(loginutils/lib.a)addgroup.o
(loginutils/lib.a)adduser.o
(loginutils/lib.a)chpasswd.o
(loginutils/lib.a)cryptpw.o
(loginutils/lib.a)deluser.o
(loginutils/lib.a)getty.o
(loginutils/lib.a)login.o
(loginutils/lib.a)passwd.o
(loginutils/lib.a)su.o
(loginutils/lib.a)sulogin.o
(loginutils/lib.a)vlock.o
试图打开 mailutils/lib.a 成功
(mailutils/lib.a)makemime.o
(mailutils/lib.a)popmaildir.o
(mailutils/lib.a)reformime.o
(mailutils/lib.a)sendmail.o
(mailutils/lib.a)mail.o
试图打开 miscutils/lib.a 成功
(miscutils/lib.a)adjtimex.o
(miscutils/lib.a)beep.o
(miscutils/lib.a)chat.o
(miscutils/lib.a)chrt.o
(miscutils/lib.a)conspy.o
(miscutils/lib.a)crond.o
(miscutils/lib.a)crontab.o
(miscutils/lib.a)dc.o
(miscutils/lib.a)devmem.o
(miscutils/lib.a)eject.o
(miscutils/lib.a)fbsplash.o
(miscutils/lib.a)hdparm.o
(miscutils/lib.a)ionice.o
(miscutils/lib.a)last_fancy.o
(miscutils/lib.a)less.o
(miscutils/lib.a)makedevs.o
(miscutils/lib.a)man.o
(miscutils/lib.a)microcom.o
(miscutils/lib.a)mountpoint.o
(miscutils/lib.a)mt.o
(miscutils/lib.a)nandwrite.o
(miscutils/lib.a)raidautorun.o
(miscutils/lib.a)readahead.o
(miscutils/lib.a)runlevel.o
(miscutils/lib.a)rx.o
(miscutils/lib.a)setserial.o
(miscutils/lib.a)setsid.o
(miscutils/lib.a)strings.o
(miscutils/lib.a)taskset.o
(miscutils/lib.a)time.o
(miscutils/lib.a)timeout.o
(miscutils/lib.a)ttysize.o
(miscutils/lib.a)ubi_tools.o
(miscutils/lib.a)volname.o
(miscutils/lib.a)wall.o
(miscutils/lib.a)watchdog.o
试图打开 modutils/lib.a 成功
(modutils/lib.a)depmod.o
(modutils/lib.a)insmod.o
(modutils/lib.a)lsmod.o
(modutils/lib.a)modinfo.o
(modutils/lib.a)modprobe.o
(modutils/lib.a)modutils.o
(modutils/lib.a)rmmod.o
试图打开 networking/lib.a 成功
(networking/lib.a)arp.o
(networking/lib.a)arping.o
(networking/lib.a)brctl.o
(networking/lib.a)dnsd.o
(networking/lib.a)ether-wake.o
(networking/lib.a)ftpd.o
(networking/lib.a)ftpgetput.o
(networking/lib.a)hostname.o
(networking/lib.a)httpd.o
(networking/lib.a)ifconfig.o
(networking/lib.a)ifenslave.o
(networking/lib.a)ifplugd.o
(networking/lib.a)ifupdown.o
(networking/lib.a)inetd.o
(networking/lib.a)interface.o
(networking/lib.a)ip.o
(networking/lib.a)ipcalc.o
(networking/lib.a)isrv_identd.o
(networking/lib.a)nameif.o
(networking/lib.a)nbd-client.o
(networking/lib.a)nc.o
(networking/lib.a)netstat.o
(networking/lib.a)nslookup.o
(networking/lib.a)ntpd.o
(networking/lib.a)ping.o
(networking/lib.a)pscan.o
(networking/lib.a)route.o
(networking/lib.a)slattach.o
(networking/lib.a)tcpudp.o
(networking/lib.a)tcpudp_perhost.o
(networking/lib.a)telnet.o
(networking/lib.a)telnetd.o
(networking/lib.a)tftp.o
(networking/lib.a)traceroute.o
(networking/lib.a)tunctl.o
(networking/lib.a)vconfig.o
(networking/lib.a)wget.o
(networking/lib.a)whois.o
(networking/lib.a)zcip.o
(networking/lib.a)isrv.o
试图打开 networking/libiproute/lib.a 成功
(networking/libiproute/lib.a)ip_parse_common_args.o
(networking/libiproute/lib.a)ipaddress.o
(networking/libiproute/lib.a)iplink.o
(networking/libiproute/lib.a)iproute.o
(networking/libiproute/lib.a)iprule.o
(networking/libiproute/lib.a)iptunnel.o
(networking/libiproute/lib.a)libnetlink.o
(networking/libiproute/lib.a)ll_addr.o
(networking/libiproute/lib.a)ll_map.o
(networking/libiproute/lib.a)ll_types.o
(networking/libiproute/lib.a)rt_names.o
(networking/libiproute/lib.a)rtm_map.o
(networking/libiproute/lib.a)utils.o
试图打开 networking/udhcp/lib.a 成功
(networking/udhcp/lib.a)dhcpc.o
(networking/udhcp/lib.a)dhcpd.o
(networking/udhcp/lib.a)dhcprelay.o
(networking/udhcp/lib.a)domain_codec.o
(networking/udhcp/lib.a)dumpleases.o
(networking/udhcp/lib.a)files.o
(networking/udhcp/lib.a)leases.o
(networking/udhcp/lib.a)packet.o
(networking/udhcp/lib.a)signalpipe.o
(networking/udhcp/lib.a)socket.o
(networking/udhcp/lib.a)static_leases.o
(networking/udhcp/lib.a)arpping.o
(networking/udhcp/lib.a)common.o
试图打开 printutils/lib.a 成功
(printutils/lib.a)lpd.o
(printutils/lib.a)lpr.o
试图打开 procps/lib.a 成功
(procps/lib.a)free.o
(procps/lib.a)fuser.o
(procps/lib.a)iostat.o
(procps/lib.a)kill.o
(procps/lib.a)lsof.o
(procps/lib.a)mpstat.o
(procps/lib.a)nmeter.o
(procps/lib.a)pgrep.o
(procps/lib.a)pidof.o
(procps/lib.a)pmap.o
(procps/lib.a)powertop.o
(procps/lib.a)ps.o
(procps/lib.a)pstree.o
(procps/lib.a)pwdx.o
(procps/lib.a)renice.o
(procps/lib.a)smemcap.o
(procps/lib.a)sysctl.o
(procps/lib.a)top.o
(procps/lib.a)uptime.o
(procps/lib.a)watch.o
试图打开 runit/lib.a 成功
(runit/lib.a)chpst.o
(runit/lib.a)runsv.o
(runit/lib.a)runsvdir.o
(runit/lib.a)sv.o
(runit/lib.a)svlogd.o
试图打开 selinux/lib.a 成功
试图打开 shell/lib.a 成功
(shell/lib.a)ash.o
(shell/lib.a)ash_ptr_hack.o
(shell/lib.a)cttyhack.o
(shell/lib.a)hush.o
(shell/lib.a)match.o
(shell/lib.a)math.o
(shell/lib.a)random.o
(shell/lib.a)shell_common.o
试图打开 sysklogd/lib.a 成功
(sysklogd/lib.a)klogd.o
(sysklogd/lib.a)logread.o
(sysklogd/lib.a)syslogd_and_logger.o
试图打开 util-linux/lib.a 成功
(util-linux/lib.a)acpid.o
(util-linux/lib.a)blkid.o
(util-linux/lib.a)blockdev.o
(util-linux/lib.a)dmesg.o
(util-linux/lib.a)fbset.o
(util-linux/lib.a)fdformat.o
(util-linux/lib.a)fdisk.o
(util-linux/lib.a)findfs.o
(util-linux/lib.a)flock.o
(util-linux/lib.a)freeramdisk.o
(util-linux/lib.a)fsck_minix.o
(util-linux/lib.a)getopt.o
(util-linux/lib.a)hexdump.o
(util-linux/lib.a)hwclock.o
(util-linux/lib.a)ipcrm.o
(util-linux/lib.a)ipcs.o
(util-linux/lib.a)losetup.o
(util-linux/lib.a)lspci.o
(util-linux/lib.a)lsusb.o
(util-linux/lib.a)mdev.o
(util-linux/lib.a)mkfs_minix.o
(util-linux/lib.a)mkfs_vfat.o
(util-linux/lib.a)mkswap.o
(util-linux/lib.a)more.o
(util-linux/lib.a)mount.o
(util-linux/lib.a)pivot_root.o
(util-linux/lib.a)rdate.o
(util-linux/lib.a)rdev.o
(util-linux/lib.a)readprofile.o
(util-linux/lib.a)rev.o
(util-linux/lib.a)rtcwake.o
(util-linux/lib.a)script.o
(util-linux/lib.a)scriptreplay.o
(util-linux/lib.a)setarch.o
(util-linux/lib.a)swaponoff.o
(util-linux/lib.a)switch_root.o
(util-linux/lib.a)umount.o
试图打开 util-linux/volume_id/lib.a 成功
(util-linux/volume_id/lib.a)get_devname.o
(util-linux/volume_id/lib.a)volume_id.o
(util-linux/volume_id/lib.a)xfs.o
(util-linux/volume_id/lib.a)btrfs.o
(util-linux/volume_id/lib.a)cramfs.o
(util-linux/volume_id/lib.a)ext.o
(util-linux/volume_id/lib.a)fat.o
(util-linux/volume_id/lib.a)hfs.o
(util-linux/volume_id/lib.a)iso9660.o
(util-linux/volume_id/lib.a)jfs.o
(util-linux/volume_id/lib.a)linux_raid.o
(util-linux/volume_id/lib.a)linux_swap.o
(util-linux/volume_id/lib.a)luks.o
(util-linux/volume_id/lib.a)ntfs.o
(util-linux/volume_id/lib.a)ocfs2.o
(util-linux/volume_id/lib.a)reiserfs.o
(util-linux/volume_id/lib.a)romfs.o
(util-linux/volume_id/lib.a)sysv.o
(util-linux/volume_id/lib.a)udf.o
(util-linux/volume_id/lib.a)util.o
试图打开 archival/built-in.o 成功
试图打开 archival/libarchive/built-in.o 成功
试图打开 console-tools/built-in.o 成功
试图打开 coreutils/built-in.o 成功
试图打开 coreutils/libcoreutils/built-in.o 成功
试图打开 debianutils/built-in.o 成功
试图打开 e2fsprogs/built-in.o 成功
试图打开 editors/built-in.o 成功
试图打开 findutils/built-in.o 成功
试图打开 init/built-in.o 成功
试图打开 libbb/built-in.o 成功
试图打开 libpwdgrp/built-in.o 成功
试图打开 loginutils/built-in.o 成功
试图打开 mailutils/built-in.o 成功
试图打开 miscutils/built-in.o 成功
试图打开 modutils/built-in.o 成功
试图打开 networking/built-in.o 成功
试图打开 networking/libiproute/built-in.o 成功
试图打开 networking/udhcp/built-in.o 成功
试图打开 printutils/built-in.o 成功
试图打开 procps/built-in.o 成功
试图打开 runit/built-in.o 成功
试图打开 selinux/built-in.o 成功
试图打开 shell/built-in.o 成功
试图打开 sysklogd/built-in.o 成功
试图打开 util-linux/built-in.o 成功
试图打开 util-linux/volume_id/built-in.o 成功
(archival/lib.a)bbunzip.o
(archival/lib.a)bzip2.o
(archival/lib.a)cpio.o
(archival/lib.a)gzip.o
(archival/lib.a)lzop.o
(archival/lib.a)rpm.o
(archival/lib.a)rpm2cpio.o
(archival/lib.a)tar.o
(archival/lib.a)unzip.o
(archival/libarchive/lib.a)data_extract_all.o
(archival/libarchive/lib.a)data_extract_to_command.o
(archival/libarchive/lib.a)data_extract_to_stdout.o
(archival/libarchive/lib.a)data_skip.o
(archival/libarchive/lib.a)decompress_bunzip2.o
(archival/libarchive/lib.a)decompress_gunzip.o
(archival/libarchive/lib.a)decompress_unlzma.o
(archival/libarchive/lib.a)decompress_unxz.o
(archival/libarchive/lib.a)filter_accept_list.o
(archival/libarchive/lib.a)filter_accept_reject_list.o
(archival/libarchive/lib.a)find_list_entry.o
(archival/libarchive/lib.a)get_header_cpio.o
(archival/libarchive/lib.a)get_header_tar.o
(archival/libarchive/lib.a)header_list.o
(archival/libarchive/lib.a)header_verbose_list.o
(archival/libarchive/lib.a)init_handle.o
(archival/libarchive/lib.a)lzo1x_1.o
(archival/libarchive/lib.a)lzo1x_1o.o
(archival/libarchive/lib.a)lzo1x_d.o
(archival/libarchive/lib.a)open_transformer.o
(archival/libarchive/lib.a)seek_by_jump.o
(archival/libarchive/lib.a)seek_by_read.o
(archival/libarchive/lib.a)data_align.o
(archival/libarchive/lib.a)filter_accept_all.o
(archival/libarchive/lib.a)header_skip.o
(console-tools/lib.a)chvt.o
(console-tools/lib.a)clear.o
(console-tools/lib.a)deallocvt.o
(console-tools/lib.a)dumpkmap.o
(console-tools/lib.a)fgconsole.o
(console-tools/lib.a)kbd_mode.o
(console-tools/lib.a)loadfont.o
(console-tools/lib.a)loadkmap.o
(console-tools/lib.a)openvt.o
(console-tools/lib.a)reset.o
(console-tools/lib.a)resize.o
(console-tools/lib.a)setconsole.o
(console-tools/lib.a)setkeycodes.o
(console-tools/lib.a)setlogcons.o
(console-tools/lib.a)showkey.o
(coreutils/lib.a)basename.o
(coreutils/lib.a)cal.o
(coreutils/lib.a)cat.o
(coreutils/lib.a)catv.o
(coreutils/lib.a)chgrp.o
(coreutils/lib.a)chmod.o
(coreutils/lib.a)chown.o
(coreutils/lib.a)chroot.o
(coreutils/lib.a)cksum.o
(coreutils/lib.a)comm.o
(coreutils/lib.a)cp.o
(coreutils/lib.a)cut.o
(coreutils/lib.a)date.o
(coreutils/lib.a)dd.o
(coreutils/lib.a)df.o
(coreutils/lib.a)dirname.o
(coreutils/lib.a)dos2unix.o
(coreutils/lib.a)du.o
(coreutils/lib.a)echo.o
(coreutils/lib.a)env.o
(coreutils/lib.a)expand.o
(coreutils/lib.a)expr.o
(coreutils/lib.a)false.o
(coreutils/lib.a)fold.o
(coreutils/lib.a)fsync.o
(coreutils/lib.a)head.o
(coreutils/lib.a)hostid.o
(coreutils/lib.a)id.o
(coreutils/lib.a)install.o
(coreutils/lib.a)ln.o
(coreutils/lib.a)logname.o
(coreutils/lib.a)ls.o
(coreutils/lib.a)md5_sha1_sum.o
(coreutils/lib.a)mkdir.o
(coreutils/lib.a)mkfifo.o
(coreutils/lib.a)mknod.o
(coreutils/lib.a)mv.o
(coreutils/lib.a)nice.o
(coreutils/lib.a)nohup.o
(coreutils/lib.a)od.o
(coreutils/lib.a)printenv.o
(coreutils/lib.a)printf.o
(coreutils/lib.a)pwd.o
(coreutils/lib.a)readlink.o
(coreutils/lib.a)realpath.o
(coreutils/lib.a)rm.o
(coreutils/lib.a)rmdir.o
(coreutils/lib.a)seq.o
(coreutils/lib.a)sleep.o
(coreutils/lib.a)sort.o
(coreutils/lib.a)split.o
(coreutils/lib.a)stat.o
(coreutils/lib.a)stty.o
(coreutils/lib.a)sum.o
(coreutils/lib.a)sync.o
(coreutils/lib.a)tac.o
(coreutils/lib.a)tail.o
(coreutils/lib.a)tee.o
(coreutils/lib.a)test.o
(coreutils/lib.a)test_ptr_hack.o
(coreutils/lib.a)touch.o
(coreutils/lib.a)tr.o
(coreutils/lib.a)true.o
(coreutils/lib.a)tty.o
(coreutils/lib.a)uname.o
(coreutils/lib.a)uniq.o
(coreutils/lib.a)usleep.o
(coreutils/lib.a)uudecode.o
(coreutils/lib.a)uuencode.o
(coreutils/lib.a)wc.o
(coreutils/lib.a)who.o
(coreutils/lib.a)whoami.o
(coreutils/lib.a)yes.o
(coreutils/libcoreutils/lib.a)cp_mv_stat.o
(coreutils/libcoreutils/lib.a)getopt_mk_fifo_nod.o
(debianutils/lib.a)mktemp.o
(debianutils/lib.a)pipe_progress.o
(debianutils/lib.a)run_parts.o
(debianutils/lib.a)start_stop_daemon.o
(debianutils/lib.a)which.o
(editors/lib.a)awk.o
(editors/lib.a)cmp.o
(editors/lib.a)diff.o
(editors/lib.a)ed.o
(editors/lib.a)patch.o
(editors/lib.a)sed.o
(editors/lib.a)vi.o
(findutils/lib.a)find.o
(findutils/lib.a)grep.o
(findutils/lib.a)xargs.o
(init/lib.a)bootchartd.o
(init/lib.a)halt.o
(init/lib.a)init.o
(init/lib.a)mesg.o
(libbb/lib.a)ask_confirmation.o
(libbb/lib.a)bb_askpass.o
(libbb/lib.a)bb_bswap_64.o
(libbb/lib.a)bb_do_delay.o
(libbb/lib.a)bb_pwd.o
(libbb/lib.a)bb_qsort.o
(libbb/lib.a)change_identity.o
(libbb/lib.a)chomp.o
(libbb/lib.a)compare_string_array.o
(libbb/lib.a)concat_subpath_file.o
(libbb/lib.a)copy_file.o
(libbb/lib.a)correct_password.o
(libbb/lib.a)crc32.o
(libbb/lib.a)create_icmp6_socket.o
(libbb/lib.a)create_icmp_socket.o
(libbb/lib.a)device_open.o
(libbb/lib.a)dump.o
(libbb/lib.a)execable.o
(libbb/lib.a)fclose_nonstdin.o
(libbb/lib.a)fflush_stdout_and_exit.o
(libbb/lib.a)fgets_str.o
(libbb/lib.a)find_mount_point.o
(libbb/lib.a)find_pid_by_name.o
(libbb/lib.a)find_root_device.o
(libbb/lib.a)get_console.o
(libbb/lib.a)get_cpu_count.o
(libbb/lib.a)get_line_from_file.o
(libbb/lib.a)get_shell_name.o
(libbb/lib.a)get_volsize.o
(libbb/lib.a)getopt32.o
(libbb/lib.a)getpty.o
(libbb/lib.a)hash_md5_sha.o
(libbb/lib.a)herror_msg.o
(libbb/lib.a)human_readable.o
(libbb/lib.a)inet_cksum.o
(libbb/lib.a)inet_common.o
(libbb/lib.a)info_msg.o
(libbb/lib.a)inode_hash.o
(libbb/lib.a)isdirectory.o
(libbb/lib.a)lineedit.o
(libbb/lib.a)lineedit_ptr_hack.o
(libbb/lib.a)login.o
(libbb/lib.a)loop.o
(libbb/lib.a)make_directory.o
(libbb/lib.a)makedev.o
(libbb/lib.a)match_fstype.o
(libbb/lib.a)mode_string.o
(libbb/lib.a)obscure.o
(libbb/lib.a)parse_config.o
(libbb/lib.a)parse_mode.o
(libbb/lib.a)percent_decode.o
(libbb/lib.a)perror_nomsg_and_die.o
(libbb/lib.a)pidfile.o
(libbb/lib.a)print_flags.o
(libbb/lib.a)printable.o
(libbb/lib.a)printable_string.o
(libbb/lib.a)process_escape_sequence.o
(libbb/lib.a)procps.o
(libbb/lib.a)progress.o
(libbb/lib.a)pw_encrypt.o
(libbb/lib.a)read_key.o
(libbb/lib.a)read_printf.o
(libbb/lib.a)recursive_action.o
(libbb/lib.a)remove_file.o
(libbb/lib.a)rtc.o
(libbb/lib.a)run_shell.o
(libbb/lib.a)safe_gethostname.o
(libbb/lib.a)safe_poll.o
(libbb/lib.a)safe_strncpy.o
(libbb/lib.a)setup_environment.o
(libbb/lib.a)signals.o
(libbb/lib.a)simplify_path.o
(libbb/lib.a)single_argv.o
(libbb/lib.a)speed_table.o
(libbb/lib.a)str_tolower.o
(libbb/lib.a)strrstr.o
(libbb/lib.a)systemd_support.o
(libbb/lib.a)trim.o
(libbb/lib.a)u_signal_names.o
(libbb/lib.a)udp_io.o
(libbb/lib.a)unicode.o
(libbb/lib.a)update_passwd.o
(libbb/lib.a)utmp.o
(libbb/lib.a)uuencode.o
(libbb/lib.a)vfork_daemon_rexec.o
(libbb/lib.a)warn_ignoring_args.o
(libbb/lib.a)wfopen_input.o
(libbb/lib.a)write.o
(libbb/lib.a)xatonum.o
(libbb/lib.a)xconnect.o
(libbb/lib.a)xgetcwd.o
(libbb/lib.a)xgethostbyname.o
(libbb/lib.a)xrealloc_vector.o
(libbb/lib.a)xregcomp.o
(libbb/lib.a)perror_nomsg.o
试图打开 /opt/hisi-linux/x86-arm/arm-hisiv500-linux/bin/../lib/gcc/arm-hisiv500-linux-uclibcgnueabi/4.9.4/a7_softfp_neon-vfpv4/libm.a 失败
试图打开 /opt/hisi-linux/x86-arm/arm-hisiv500-linux/bin/../lib/gcc/arm-hisiv500-linux-uclibcgnueabi/4.9.4/../../../../arm-hisiv500-linux-uclibcgnueabi/lib/a7_softfp_neon-vfpv4/libm.a 失败
试图打开 /opt/hisi-linux/x86-arm/arm-hisiv500-linux/bin/../target/usr/lib/a7_softfp_neon-vfpv4/libm.a 成功
(/opt/hisi-linux/x86-arm/arm-hisiv500-linux/bin/../target/usr/lib/a7_softfp_neon-vfpv4/libm.a)e_atan2.os
(/opt/hisi-linux/x86-arm/arm-hisiv500-linux/bin/../target/usr/lib/a7_softfp_neon-vfpv4/libm.a)e_exp.os
(/opt/hisi-linux/x86-arm/arm-hisiv500-linux/bin/../target/usr/lib/a7_softfp_neon-vfpv4/libm.a)e_log.os
(/opt/hisi-linux/x86-arm/arm-hisiv500-linux/bin/../target/usr/lib/a7_softfp_neon-vfpv4/libm.a)e_pow.os
(/opt/hisi-linux/x86-arm/arm-hisiv500-linux/bin/../target/usr/lib/a7_softfp_neon-vfpv4/libm.a)e_sqrt.os
(/opt/hisi-linux/x86-arm/arm-hisiv500-linux/bin/../target/usr/lib/a7_softfp_neon-vfpv4/libm.a)s_atan.os
(/opt/hisi-linux/x86-arm/arm-hisiv500-linux/bin/../target/usr/lib/a7_softfp_neon-vfpv4/libm.a)s_cos.os
(/opt/hisi-linux/x86-arm/arm-hisiv500-linux/bin/../target/usr/lib/a7_softfp_neon-vfpv4/libm.a)s_fabs.os
(/opt/hisi-linux/x86-arm/arm-hisiv500-linux/bin/../target/usr/lib/a7_softfp_neon-vfpv4/libm.a)s_scalbn.os
(/opt/hisi-linux/x86-arm/arm-hisiv500-linux/bin/../target/usr/lib/a7_softfp_neon-vfpv4/libm.a)s_sin.os
(/opt/hisi-linux/x86-arm/arm-hisiv500-linux/bin/../target/usr/lib/a7_softfp_neon-vfpv4/libm.a)e_rem_pio2.os
(/opt/hisi-linux/x86-arm/arm-hisiv500-linux/bin/../target/usr/lib/a7_softfp_neon-vfpv4/libm.a)k_cos.os
(/opt/hisi-linux/x86-arm/arm-hisiv500-linux/bin/../target/usr/lib/a7_softfp_neon-vfpv4/libm.a)k_rem_pio2.os
(/opt/hisi-linux/x86-arm/arm-hisiv500-linux/bin/../target/usr/lib/a7_softfp_neon-vfpv4/libm.a)k_sin.os
(/opt/hisi-linux/x86-arm/arm-hisiv500-linux/bin/../target/usr/lib/a7_softfp_neon-vfpv4/libm.a)s_copysign.os
(/opt/hisi-linux/x86-arm/arm-hisiv500-linux/bin/../target/usr/lib/a7_softfp_neon-vfpv4/libm.a)s_floor.os
试图打开 /opt/hisi-linux/x86-arm/arm-hisiv500-linux/bin/../lib/gcc/arm-hisiv500-linux-uclibcgnueabi/4.9.4/a7_softfp_neon-vfpv4/libgcc.a 成功
(/opt/hisi-linux/x86-arm/arm-hisiv500-linux/bin/../lib/gcc/arm-hisiv500-linux-uclibcgnueabi/4.9.4/a7_softfp_neon-vfpv4/libgcc.a)_udivsi3.o
(/opt/hisi-linux/x86-arm/arm-hisiv500-linux/bin/../lib/gcc/arm-hisiv500-linux-uclibcgnueabi/4.9.4/a7_softfp_neon-vfpv4/libgcc.a)_divsi3.o
(/opt/hisi-linux/x86-arm/arm-hisiv500-linux/bin/../lib/gcc/arm-hisiv500-linux-uclibcgnueabi/4.9.4/a7_softfp_neon-vfpv4/libgcc.a)_arm_addsubdf3.o
(/opt/hisi-linux/x86-arm/arm-hisiv500-linux/bin/../lib/gcc/arm-hisiv500-linux-uclibcgnueabi/4.9.4/a7_softfp_neon-vfpv4/libgcc.a)_aeabi_ldivmod.o
(/opt/hisi-linux/x86-arm/arm-hisiv500-linux/bin/../lib/gcc/arm-hisiv500-linux-uclibcgnueabi/4.9.4/a7_softfp_neon-vfpv4/libgcc.a)_aeabi_uldivmod.o
(/opt/hisi-linux/x86-arm/arm-hisiv500-linux/bin/../lib/gcc/arm-hisiv500-linux-uclibcgnueabi/4.9.4/a7_softfp_neon-vfpv4/libgcc.a)_dvmd_lnx.o
(/opt/hisi-linux/x86-arm/arm-hisiv500-linux/bin/../lib/gcc/arm-hisiv500-linux-uclibcgnueabi/4.9.4/a7_softfp_neon-vfpv4/libgcc.a)_fixunsdfdi.o
(/opt/hisi-linux/x86-arm/arm-hisiv500-linux/bin/../lib/gcc/arm-hisiv500-linux-uclibcgnueabi/4.9.4/a7_softfp_neon-vfpv4/libgcc.a)_udivmoddi4.o
试图打开 /opt/hisi-linux/x86-arm/arm-hisiv500-linux/bin/../lib/gcc/arm-hisiv500-linux-uclibcgnueabi/4.9.4/a7_softfp_neon-vfpv4/libgcc_eh.a 成功
试图打开 /opt/hisi-linux/x86-arm/arm-hisiv500-linux/bin/../lib/gcc/arm-hisiv500-linux-uclibcgnueabi/4.9.4/a7_softfp_neon-vfpv4/libc.a 失败
试图打开 /opt/hisi-linux/x86-arm/arm-hisiv500-linux/bin/../lib/gcc/arm-hisiv500-linux-uclibcgnueabi/4.9.4/../../../../arm-hisiv500-linux-uclibcgnueabi/lib/a7_softfp_neon-vfpv4/libc.a 失败
试图打开 /opt/hisi-linux/x86-arm/arm-hisiv500-linux/bin/../target/usr/lib/a7_softfp_neon-vfpv4/libc.a 成功
(/opt/hisi-linux/x86-arm/arm-hisiv500-linux/bin/../target/usr/lib/a7_softfp_neon-vfpv4/libc.a)sigaction.os
(/opt/hisi-linux/x86-arm/arm-hisiv500-linux/bin/../target/usr/lib/a7_softfp_neon-vfpv4/libc.a)setjmp.os
(/opt/hisi-linux/x86-arm/arm-hisiv500-linux/bin/../target/usr/lib/a7_softfp_neon-vfpv4/libc.a)bsd-_setjmp.os
(/opt/hisi-linux/x86-arm/arm-hisiv500-linux/bin/../target/usr/lib/a7_softfp_neon-vfpv4/libc.a)sigrestorer.os
(/opt/hisi-linux/x86-arm/arm-hisiv500-linux/bin/../target/usr/lib/a7_softfp_neon-vfpv4/libc.a)mmap64.os
(/opt/hisi-linux/x86-arm/arm-hisiv500-linux/bin/../target/usr/lib/a7_softfp_neon-vfpv4/libc.a)syscall-eabi.os
(/opt/hisi-linux/x86-arm/arm-hisiv500-linux/bin/../target/usr/lib/a7_softfp_neon-vfpv4/libc.a)access.os
(/opt/hisi-linux/x86-arm/arm-hisiv500-linux/bin/../target/usr/lib/a7_softfp_neon-vfpv4/libc.a)acct.os
(/opt/hisi-linux/x86-arm/arm-hisiv500-linux/bin/../target/usr/lib/a7_softfp_neon-vfpv4/libc.a)adjtimex.os
(/opt/hisi-linux/x86-arm/arm-hisiv500-linux/bin/../target/usr/lib/a7_softfp_neon-vfpv4/libc.a)alarm.os
(/opt/hisi-linux/x86-arm/arm-hisiv500-linux/bin/../target/usr/lib/a7_softfp_neon-vfpv4/libc.a)chdir.os
(/opt/hisi-linux/x86-arm/arm-hisiv500-linux/bin/../target/usr/lib/a7_softfp_neon-vfpv4/libc.a)chmod.os
(/opt/hisi-linux/x86-arm/arm-hisiv500-linux/bin/../target/usr/lib/a7_softfp_neon-vfpv4/libc.a)chown.os
(/opt/hisi-linux/x86-arm/arm-hisiv500-linux/bin/../target/usr/lib/a7_softfp_neon-vfpv4/libc.a)chroot.os
(/opt/hisi-linux/x86-arm/arm-hisiv500-linux/bin/../target/usr/lib/a7_softfp_neon-vfpv4/libc.a)cmsg_nxthdr.os
(/opt/hisi-linux/x86-arm/arm-hisiv500-linux/bin/../target/usr/lib/a7_softfp_neon-vfpv4/libc.a)delete_module.os
(/opt/hisi-linux/x86-arm/arm-hisiv500-linux/bin/../target/usr/lib/a7_softfp_neon-vfpv4/libc.a)dup2.os
(/opt/hisi-linux/x86-arm/arm-hisiv500-linux/bin/../target/usr/lib/a7_softfp_neon-vfpv4/libc.a)dup.os
(/opt/hisi-linux/x86-arm/arm-hisiv500-linux/bin/../target/usr/lib/a7_softfp_neon-vfpv4/libc.a)execve.os
(/opt/hisi-linux/x86-arm/arm-hisiv500-linux/bin/../target/usr/lib/a7_softfp_neon-vfpv4/libc.a)_exit.os
(/opt/hisi-linux/x86-arm/arm-hisiv500-linux/bin/../target/usr/lib/a7_softfp_neon-vfpv4/libc.a)fchdir.os
(/opt/hisi-linux/x86-arm/arm-hisiv500-linux/bin/../target/usr/lib/a7_softfp_neon-vfpv4/libc.a)fchmod.os
(/opt/hisi-linux/x86-arm/arm-hisiv500-linux/bin/../target/usr/lib/a7_softfp_neon-vfpv4/libc.a)fchown.os
(/opt/hisi-linux/x86-arm/arm-hisiv500-linux/bin/../target/usr/lib/a7_softfp_neon-vfpv4/libc.a)fdatasync.os
(/opt/hisi-linux/x86-arm/arm-hisiv500-linux/bin/../target/usr/lib/a7_softfp_neon-vfpv4/libc.a)flock.os
(/opt/hisi-linux/x86-arm/arm-hisiv500-linux/bin/../target/usr/lib/a7_softfp_neon-vfpv4/libc.a)fsync.os
(/opt/hisi-linux/x86-arm/arm-hisiv500-linux/bin/../target/usr/lib/a7_softfp_neon-vfpv4/libc.a)getcwd.os
(/opt/hisi-linux/x86-arm/arm-hisiv500-linux/bin/../target/usr/lib/a7_softfp_neon-vfpv4/libc.a)getegid.os
(/opt/hisi-linux/x86-arm/arm-hisiv500-linux/bin/../target/usr/lib/a7_softfp_neon-vfpv4/libc.a)geteuid.os
(/opt/hisi-linux/x86-arm/arm-hisiv500-linux/bin/../target/usr/lib/a7_softfp_neon-vfpv4/libc.a)getgid.os
(/opt/hisi-linux/x86-arm/arm-hisiv500-linux/bin/../target/usr/lib/a7_softfp_neon-vfpv4/libc.a)getgroups.os
(/opt/hisi-linux/x86-arm/arm-hisiv500-linux/bin/../target/usr/lib/a7_softfp_neon-vfpv4/libc.a)getpagesize.os
(/opt/hisi-linux/x86-arm/arm-hisiv500-linux/bin/../target/usr/lib/a7_softfp_neon-vfpv4/libc.a)getpgrp.os
(/opt/hisi-linux/x86-arm/arm-hisiv500-linux/bin/../target/usr/lib/a7_softfp_neon-vfpv4/libc.a)getppid.os
(/opt/hisi-linux/x86-arm/arm-hisiv500-linux/bin/../target/usr/lib/a7_softfp_neon-vfpv4/libc.a)getpriority.os
(/opt/hisi-linux/x86-arm/arm-hisiv500-linux/bin/../target/usr/lib/a7_softfp_neon-vfpv4/libc.a)getsid.os
(/opt/hisi-linux/x86-arm/arm-hisiv500-linux/bin/../target/usr/lib/a7_softfp_neon-vfpv4/libc.a)gettimeofday.os
(/opt/hisi-linux/x86-arm/arm-hisiv500-linux/bin/../target/usr/lib/a7_softfp_neon-vfpv4/libc.a)getuid.os
(/opt/hisi-linux/x86-arm/arm-hisiv500-linux/bin/../target/usr/lib/a7_softfp_neon-vfpv4/libc.a)init_module.os
(/opt/hisi-linux/x86-arm/arm-hisiv500-linux/bin/../target/usr/lib/a7_softfp_neon-vfpv4/libc.a)ioctl.os
(/opt/hisi-linux/x86-arm/arm-hisiv500-linux/bin/../target/usr/lib/a7_softfp_neon-vfpv4/libc.a)kill.os
(/opt/hisi-linux/x86-arm/arm-hisiv500-linux/bin/../target/usr/lib/a7_softfp_neon-vfpv4/libc.a)klogctl.os
(/opt/hisi-linux/x86-arm/arm-hisiv500-linux/bin/../target/usr/lib/a7_softfp_neon-vfpv4/libc.a)lchown.os
(/opt/hisi-linux/x86-arm/arm-hisiv500-linux/bin/../target/usr/lib/a7_softfp_neon-vfpv4/libc.a)link.os
(/opt/hisi-linux/x86-arm/arm-hisiv500-linux/bin/../target/usr/lib/a7_softfp_neon-vfpv4/libc.a)longjmp.os
(/opt/hisi-linux/x86-arm/arm-hisiv500-linux/bin/../target/usr/lib/a7_softfp_neon-vfpv4/libc.a)mkdir.os
(/opt/hisi-linux/x86-arm/arm-hisiv500-linux/bin/../target/usr/lib/a7_softfp_neon-vfpv4/libc.a)mkfifo.os
(/opt/hisi-linux/x86-arm/arm-hisiv500-linux/bin/../target/usr/lib/a7_softfp_neon-vfpv4/libc.a)mknod.os
(/opt/hisi-linux/x86-arm/arm-hisiv500-linux/bin/../target/usr/lib/a7_softfp_neon-vfpv4/libc.a)mlock.os
(/opt/hisi-linux/x86-arm/arm-hisiv500-linux/bin/../target/usr/lib/a7_softfp_neon-vfpv4/libc.a)mount.os
(/opt/hisi-linux/x86-arm/arm-hisiv500-linux/bin/../target/usr/lib/a7_softfp_neon-vfpv4/libc.a)munlock.os
(/opt/hisi-linux/x86-arm/arm-hisiv500-linux/bin/../target/usr/lib/a7_softfp_neon-vfpv4/libc.a)nanosleep.os
(/opt/hisi-linux/x86-arm/arm-hisiv500-linux/bin/../target/usr/lib/a7_softfp_neon-vfpv4/libc.a)nice.os
(/opt/hisi-linux/x86-arm/arm-hisiv500-linux/bin/../target/usr/lib/a7_softfp_neon-vfpv4/libc.a)pause.os
(/opt/hisi-linux/x86-arm/arm-hisiv500-linux/bin/../target/usr/lib/a7_softfp_neon-vfpv4/libc.a)personality.os
(/opt/hisi-linux/x86-arm/arm-hisiv500-linux/bin/../target/usr/lib/a7_softfp_neon-vfpv4/libc.a)pipe.os
(/opt/hisi-linux/x86-arm/arm-hisiv500-linux/bin/../target/usr/lib/a7_softfp_neon-vfpv4/libc.a)pivot_root.os
(/opt/hisi-linux/x86-arm/arm-hisiv500-linux/bin/../target/usr/lib/a7_softfp_neon-vfpv4/libc.a)poll.os
(/opt/hisi-linux/x86-arm/arm-hisiv500-linux/bin/../target/usr/lib/a7_softfp_neon-vfpv4/libc.a)readahead.os
(/opt/hisi-linux/x86-arm/arm-hisiv500-linux/bin/../target/usr/lib/a7_softfp_neon-vfpv4/libc.a)readlink.os
(/opt/hisi-linux/x86-arm/arm-hisiv500-linux/bin/../target/usr/lib/a7_softfp_neon-vfpv4/libc.a)reboot.os
(/opt/hisi-linux/x86-arm/arm-hisiv500-linux/bin/../target/usr/lib/a7_softfp_neon-vfpv4/libc.a)rename.os
(/opt/hisi-linux/x86-arm/arm-hisiv500-linux/bin/../target/usr/lib/a7_softfp_neon-vfpv4/libc.a)rmdir.os
(/opt/hisi-linux/x86-arm/arm-hisiv500-linux/bin/../target/usr/lib/a7_softfp_neon-vfpv4/libc.a)sched_getaffinity.os
(/opt/hisi-linux/x86-arm/arm-hisiv500-linux/bin/../target/usr/lib/a7_softfp_neon-vfpv4/libc.a)sched_getparam.os
(/opt/hisi-linux/x86-arm/arm-hisiv500-linux/bin/../target/usr/lib/a7_softfp_neon-vfpv4/libc.a)sched_get_priority_max.os
(/opt/hisi-linux/x86-arm/arm-hisiv500-linux/bin/../target/usr/lib/a7_softfp_neon-vfpv4/libc.a)sched_get_priority_min.os
(/opt/hisi-linux/x86-arm/arm-hisiv500-linux/bin/../target/usr/lib/a7_softfp_neon-vfpv4/libc.a)sched_getscheduler.os
(/opt/hisi-linux/x86-arm/arm-hisiv500-linux/bin/../target/usr/lib/a7_softfp_neon-vfpv4/libc.a)sched_setaffinity.os
(/opt/hisi-linux/x86-arm/arm-hisiv500-linux/bin/../target/usr/lib/a7_softfp_neon-vfpv4/libc.a)sched_setscheduler.os
(/opt/hisi-linux/x86-arm/arm-hisiv500-linux/bin/../target/usr/lib/a7_softfp_neon-vfpv4/libc.a)sched_yield.os
(/opt/hisi-linux/x86-arm/arm-hisiv500-linux/bin/../target/usr/lib/a7_softfp_neon-vfpv4/libc.a)select.os
(/opt/hisi-linux/x86-arm/arm-hisiv500-linux/bin/../target/usr/lib/a7_softfp_neon-vfpv4/libc.a)setgid.os
(/opt/hisi-linux/x86-arm/arm-hisiv500-linux/bin/../target/usr/lib/a7_softfp_neon-vfpv4/libc.a)setgroups.os
(/opt/hisi-linux/x86-arm/arm-hisiv500-linux/bin/../target/usr/lib/a7_softfp_neon-vfpv4/libc.a)sethostname.os
(/opt/hisi-linux/x86-arm/arm-hisiv500-linux/bin/../target/usr/lib/a7_softfp_neon-vfpv4/libc.a)setitimer.os
(/opt/hisi-linux/x86-arm/arm-hisiv500-linux/bin/../target/usr/lib/a7_softfp_neon-vfpv4/libc.a)setpgid.os
(/opt/hisi-linux/x86-arm/arm-hisiv500-linux/bin/../target/usr/lib/a7_softfp_neon-vfpv4/libc.a)setpgrp.os
(/opt/hisi-linux/x86-arm/arm-hisiv500-linux/bin/../target/usr/lib/a7_softfp_neon-vfpv4/libc.a)setpriority.os
(/opt/hisi-linux/x86-arm/arm-hisiv500-linux/bin/../target/usr/lib/a7_softfp_neon-vfpv4/libc.a)setresgid.os
(/opt/hisi-linux/x86-arm/arm-hisiv500-linux/bin/../target/usr/lib/a7_softfp_neon-vfpv4/libc.a)setresuid.os
(/opt/hisi-linux/x86-arm/arm-hisiv500-linux/bin/../target/usr/lib/a7_softfp_neon-vfpv4/libc.a)setsid.os
(/opt/hisi-linux/x86-arm/arm-hisiv500-linux/bin/../target/usr/lib/a7_softfp_neon-vfpv4/libc.a)settimeofday.os
(/opt/hisi-linux/x86-arm/arm-hisiv500-linux/bin/../target/usr/lib/a7_softfp_neon-vfpv4/libc.a)setuid.os
(/opt/hisi-linux/x86-arm/arm-hisiv500-linux/bin/../target/usr/lib/a7_softfp_neon-vfpv4/libc.a)sigprocmask.os
(/opt/hisi-linux/x86-arm/arm-hisiv500-linux/bin/../target/usr/lib/a7_softfp_neon-vfpv4/libc.a)sigsuspend.os
(/opt/hisi-linux/x86-arm/arm-hisiv500-linux/bin/../target/usr/lib/a7_softfp_neon-vfpv4/libc.a)ssp.os
(/opt/hisi-linux/x86-arm/arm-hisiv500-linux/bin/../target/usr/lib/a7_softfp_neon-vfpv4/libc.a)stime.os
(/opt/hisi-linux/x86-arm/arm-hisiv500-linux/bin/../target/usr/lib/a7_softfp_neon-vfpv4/libc.a)swapoff.os
(/opt/hisi-linux/x86-arm/arm-hisiv500-linux/bin/../target/usr/lib/a7_softfp_neon-vfpv4/libc.a)swapon.os
(/opt/hisi-linux/x86-arm/arm-hisiv500-linux/bin/../target/usr/lib/a7_softfp_neon-vfpv4/libc.a)symlink.os
(/opt/hisi-linux/x86-arm/arm-hisiv500-linux/bin/../target/usr/lib/a7_softfp_neon-vfpv4/libc.a)sync.os
(/opt/hisi-linux/x86-arm/arm-hisiv500-linux/bin/../target/usr/lib/a7_softfp_neon-vfpv4/libc.a)__syscall_rt_sigaction.os
(/opt/hisi-linux/x86-arm/arm-hisiv500-linux/bin/../target/usr/lib/a7_softfp_neon-vfpv4/libc.a)sysinfo.os
(/opt/hisi-linux/x86-arm/arm-hisiv500-linux/bin/../target/usr/lib/a7_softfp_neon-vfpv4/libc.a)time.os
(/opt/hisi-linux/x86-arm/arm-hisiv500-linux/bin/../target/usr/lib/a7_softfp_neon-vfpv4/libc.a)times.os
(/opt/hisi-linux/x86-arm/arm-hisiv500-linux/bin/../target/usr/lib/a7_softfp_neon-vfpv4/libc.a)umask.os
(/opt/hisi-linux/x86-arm/arm-hisiv500-linux/bin/../target/usr/lib/a7_softfp_neon-vfpv4/libc.a)umount2.os
(/opt/hisi-linux/x86-arm/arm-hisiv500-linux/bin/../target/usr/lib/a7_softfp_neon-vfpv4/libc.a)umount.os
(/opt/hisi-linux/x86-arm/arm-hisiv500-linux/bin/../target/usr/lib/a7_softfp_neon-vfpv4/libc.a)uname.os
(/opt/hisi-linux/x86-arm/arm-hisiv500-linux/bin/../target/usr/lib/a7_softfp_neon-vfpv4/libc.a)unlink.os
(/opt/hisi-linux/x86-arm/arm-hisiv500-linux/bin/../target/usr/lib/a7_softfp_neon-vfpv4/libc.a)utimes.os
(/opt/hisi-linux/x86-arm/arm-hisiv500-linux/bin/../target/usr/lib/a7_softfp_neon-vfpv4/libc.a)wait3.os
(/opt/hisi-linux/x86-arm/arm-hisiv500-linux/bin/../target/usr/lib/a7_softfp_neon-vfpv4/libc.a)wait4.os
(/opt/hisi-linux/x86-arm/arm-hisiv500-linux/bin/../target/usr/lib/a7_softfp_neon-vfpv4/libc.a)wait.os
(/opt/hisi-linux/x86-arm/arm-hisiv500-linux/bin/../target/usr/lib/a7_softfp_neon-vfpv4/libc.a)waitpid.os
(/opt/hisi-linux/x86-arm/arm-hisiv500-linux/bin/../target/usr/lib/a7_softfp_neon-vfpv4/libc.a)llseek.os
(/opt/hisi-linux/x86-arm/arm-hisiv500-linux/bin/../target/usr/lib/a7_softfp_neon-vfpv4/libc.a)creat64.os
(/opt/hisi-linux/x86-arm/arm-hisiv500-linux/bin/../target/usr/lib/a7_softfp_neon-vfpv4/libc.a)fstat64.os
(/opt/hisi-linux/x86-arm/arm-hisiv500-linux/bin/../target/usr/lib/a7_softfp_neon-vfpv4/libc.a)ftruncate64.os
(/opt/hisi-linux/x86-arm/arm-hisiv500-linux/bin/../target/usr/lib/a7_softfp_neon-vfpv4/libc.a)getrlimit64.os
(/opt/hisi-linux/x86-arm/arm-hisiv500-linux/bin/../target/usr/lib/a7_softfp_neon-vfpv4/libc.a)lstat64.os
(/opt/hisi-linux/x86-arm/arm-hisiv500-linux/bin/../target/usr/lib/a7_softfp_neon-vfpv4/libc.a)open64.os
(/opt/hisi-linux/x86-arm/arm-hisiv500-linux/bin/../target/usr/lib/a7_softfp_neon-vfpv4/libc.a)sendfile64.os
(/opt/hisi-linux/x86-arm/arm-hisiv500-linux/bin/../target/usr/lib/a7_softfp_neon-vfpv4/libc.a)setrlimit64.os
(/opt/hisi-linux/x86-arm/arm-hisiv500-linux/bin/../target/usr/lib/a7_softfp_neon-vfpv4/libc.a)stat64.os
(/opt/hisi-linux/x86-arm/arm-hisiv500-linux/bin/../target/usr/lib/a7_softfp_neon-vfpv4/libc.a)__syscall_fcntl64.os
(/opt/hisi-linux/x86-arm/arm-hisiv500-linux/bin/../target/usr/lib/a7_softfp_neon-vfpv4/libc.a)closedir.os
(/opt/hisi-linux/x86-arm/arm-hisiv500-linux/bin/../target/usr/lib/a7_softfp_neon-vfpv4/libc.a)opendir.os
(/opt/hisi-linux/x86-arm/arm-hisiv500-linux/bin/../target/usr/lib/a7_softfp_neon-vfpv4/libc.a)readdir64.os
(/opt/hisi-linux/x86-arm/arm-hisiv500-linux/bin/../target/usr/lib/a7_softfp_neon-vfpv4/libc.a)fnmatch_old.os
(/opt/hisi-linux/x86-arm/arm-hisiv500-linux/bin/../target/usr/lib/a7_softfp_neon-vfpv4/libc.a)glob64-susv3.os
(/opt/hisi-linux/x86-arm/arm-hisiv500-linux/bin/../target/usr/lib/a7_softfp_neon-vfpv4/libc.a)errno.os
(/opt/hisi-linux/x86-arm/arm-hisiv500-linux/bin/../target/usr/lib/a7_softfp_neon-vfpv4/libc.a)__errno_location.os
(/opt/hisi-linux/x86-arm/arm-hisiv500-linux/bin/../target/usr/lib/a7_softfp_neon-vfpv4/libc.a)__h_errno_location.os
(/opt/hisi-linux/x86-arm/arm-hisiv500-linux/bin/../target/usr/lib/a7_softfp_neon-vfpv4/libc.a)mntent.os
(/opt/hisi-linux/x86-arm/arm-hisiv500-linux/bin/../target/usr/lib/a7_softfp_neon-vfpv4/libc.a)regex_old.os
(/opt/hisi-linux/x86-arm/arm-hisiv500-linux/bin/../target/usr/lib/a7_softfp_neon-vfpv4/libc.a)statfs64.os
(/opt/hisi-linux/x86-arm/arm-hisiv500-linux/bin/../target/usr/lib/a7_softfp_neon-vfpv4/libc.a)syslog.os
(/opt/hisi-linux/x86-arm/arm-hisiv500-linux/bin/../target/usr/lib/a7_softfp_neon-vfpv4/libc.a)semget.os
(/opt/hisi-linux/x86-arm/arm-hisiv500-linux/bin/../target/usr/lib/a7_softfp_neon-vfpv4/libc.a)semctl.os
(/opt/hisi-linux/x86-arm/arm-hisiv500-linux/bin/../target/usr/lib/a7_softfp_neon-vfpv4/libc.a)semop.os
(/opt/hisi-linux/x86-arm/arm-hisiv500-linux/bin/../target/usr/lib/a7_softfp_neon-vfpv4/libc.a)shmat.os
(/opt/hisi-linux/x86-arm/arm-hisiv500-linux/bin/../target/usr/lib/a7_softfp_neon-vfpv4/libc.a)shmctl.os
(/opt/hisi-linux/x86-arm/arm-hisiv500-linux/bin/../target/usr/lib/a7_softfp_neon-vfpv4/libc.a)shmdt.os
(/opt/hisi-linux/x86-arm/arm-hisiv500-linux/bin/../target/usr/lib/a7_softfp_neon-vfpv4/libc.a)shmget.os
(/opt/hisi-linux/x86-arm/arm-hisiv500-linux/bin/../target/usr/lib/a7_softfp_neon-vfpv4/libc.a)msgctl.os
(/opt/hisi-linux/x86-arm/arm-hisiv500-linux/bin/../target/usr/lib/a7_softfp_neon-vfpv4/libc.a)msgget.os
(/opt/hisi-linux/x86-arm/arm-hisiv500-linux/bin/../target/usr/lib/a7_softfp_neon-vfpv4/libc.a)ctime.os
(/opt/hisi-linux/x86-arm/arm-hisiv500-linux/bin/../target/usr/lib/a7_softfp_neon-vfpv4/libc.a)gmtime.os
(/opt/hisi-linux/x86-arm/arm-hisiv500-linux/bin/../target/usr/lib/a7_softfp_neon-vfpv4/libc.a)gmtime_r.os
(/opt/hisi-linux/x86-arm/arm-hisiv500-linux/bin/../target/usr/lib/a7_softfp_neon-vfpv4/libc.a)localtime.os
(/opt/hisi-linux/x86-arm/arm-hisiv500-linux/bin/../target/usr/lib/a7_softfp_neon-vfpv4/libc.a)localtime_r.os
(/opt/hisi-linux/x86-arm/arm-hisiv500-linux/bin/../target/usr/lib/a7_softfp_neon-vfpv4/libc.a)mktime.os
(/opt/hisi-linux/x86-arm/arm-hisiv500-linux/bin/../target/usr/lib/a7_softfp_neon-vfpv4/libc.a)strftime.os
(/opt/hisi-linux/x86-arm/arm-hisiv500-linux/bin/../target/usr/lib/a7_softfp_neon-vfpv4/libc.a)strptime.os
(/opt/hisi-linux/x86-arm/arm-hisiv500-linux/bin/../target/usr/lib/a7_softfp_neon-vfpv4/libc.a)tzset.os
(/opt/hisi-linux/x86-arm/arm-hisiv500-linux/bin/../target/usr/lib/a7_softfp_neon-vfpv4/libc.a)_time_t2tm.os
(/opt/hisi-linux/x86-arm/arm-hisiv500-linux/bin/../target/usr/lib/a7_softfp_neon-vfpv4/libc.a)__time_tm.os
(/opt/hisi-linux/x86-arm/arm-hisiv500-linux/bin/../target/usr/lib/a7_softfp_neon-vfpv4/libc.a)_time_mktime.os
(/opt/hisi-linux/x86-arm/arm-hisiv500-linux/bin/../target/usr/lib/a7_softfp_neon-vfpv4/libc.a)_time_mktime_tzi.os
(/opt/hisi-linux/x86-arm/arm-hisiv500-linux/bin/../target/usr/lib/a7_softfp_neon-vfpv4/libc.a)_time_localtime_tzi.os
(/opt/hisi-linux/x86-arm/arm-hisiv500-linux/bin/../target/usr/lib/a7_softfp_neon-vfpv4/libc.a)utent.os
(/opt/hisi-linux/x86-arm/arm-hisiv500-linux/bin/../target/usr/lib/a7_softfp_neon-vfpv4/libc.a)wtent.os
(/opt/hisi-linux/x86-arm/arm-hisiv500-linux/bin/../target/usr/lib/a7_softfp_neon-vfpv4/libc.a)btowc.os
(/opt/hisi-linux/x86-arm/arm-hisiv500-linux/bin/../target/usr/lib/a7_softfp_neon-vfpv4/libc.a)mbrtowc.os
(/opt/hisi-linux/x86-arm/arm-hisiv500-linux/bin/../target/usr/lib/a7_softfp_neon-vfpv4/libc.a)_wchar_utf8sntowcs.os
(/opt/hisi-linux/x86-arm/arm-hisiv500-linux/bin/../target/usr/lib/a7_softfp_neon-vfpv4/libc.a)mbsnrtowcs.os
(/opt/hisi-linux/x86-arm/arm-hisiv500-linux/bin/../target/usr/lib/a7_softfp_neon-vfpv4/libc.a)wctype.os
(/opt/hisi-linux/x86-arm/arm-hisiv500-linux/bin/../target/usr/lib/a7_softfp_neon-vfpv4/libc.a)iswctype.os
(/opt/hisi-linux/x86-arm/arm-hisiv500-linux/bin/../target/usr/lib/a7_softfp_neon-vfpv4/libc.a)fclose.os
(/opt/hisi-linux/x86-arm/arm-hisiv500-linux/bin/../target/usr/lib/a7_softfp_neon-vfpv4/libc.a)fdopen.os
(/opt/hisi-linux/x86-arm/arm-hisiv500-linux/bin/../target/usr/lib/a7_softfp_neon-vfpv4/libc.a)fopen.os
(/opt/hisi-linux/x86-arm/arm-hisiv500-linux/bin/../target/usr/lib/a7_softfp_neon-vfpv4/libc.a)fseeko.os
(/opt/hisi-linux/x86-arm/arm-hisiv500-linux/bin/../target/usr/lib/a7_softfp_neon-vfpv4/libc.a)getline.os
(/opt/hisi-linux/x86-arm/arm-hisiv500-linux/bin/../target/usr/lib/a7_softfp_neon-vfpv4/libc.a)puts.os
(/opt/hisi-linux/x86-arm/arm-hisiv500-linux/bin/../target/usr/lib/a7_softfp_neon-vfpv4/libc.a)rewind.os
(/opt/hisi-linux/x86-arm/arm-hisiv500-linux/bin/../target/usr/lib/a7_softfp_neon-vfpv4/libc.a)setbuf.os
(/opt/hisi-linux/x86-arm/arm-hisiv500-linux/bin/../target/usr/lib/a7_softfp_neon-vfpv4/libc.a)setlinebuf.os
(/opt/hisi-linux/x86-arm/arm-hisiv500-linux/bin/../target/usr/lib/a7_softfp_neon-vfpv4/libc.a)setvbuf.os
(/opt/hisi-linux/x86-arm/arm-hisiv500-linux/bin/../target/usr/lib/a7_softfp_neon-vfpv4/libc.a)ungetc.os
(/opt/hisi-linux/x86-arm/arm-hisiv500-linux/bin/../target/usr/lib/a7_softfp_neon-vfpv4/libc.a)printf.os
(/opt/hisi-linux/x86-arm/arm-hisiv500-linux/bin/../target/usr/lib/a7_softfp_neon-vfpv4/libc.a)vprintf.os
(/opt/hisi-linux/x86-arm/arm-hisiv500-linux/bin/../target/usr/lib/a7_softfp_neon-vfpv4/libc.a)vsprintf.os
(/opt/hisi-linux/x86-arm/arm-hisiv500-linux/bin/../target/usr/lib/a7_softfp_neon-vfpv4/libc.a)fprintf.os
(/opt/hisi-linux/x86-arm/arm-hisiv500-linux/bin/../target/usr/lib/a7_softfp_neon-vfpv4/libc.a)snprintf.os
(/opt/hisi-linux/x86-arm/arm-hisiv500-linux/bin/../target/usr/lib/a7_softfp_neon-vfpv4/libc.a)dprintf.os
(/opt/hisi-linux/x86-arm/arm-hisiv500-linux/bin/../target/usr/lib/a7_softfp_neon-vfpv4/libc.a)asprintf.os
(/opt/hisi-linux/x86-arm/arm-hisiv500-linux/bin/../target/usr/lib/a7_softfp_neon-vfpv4/libc.a)sprintf.os
(/opt/hisi-linux/x86-arm/arm-hisiv500-linux/bin/../target/usr/lib/a7_softfp_neon-vfpv4/libc.a)vasprintf.os
(/opt/hisi-linux/x86-arm/arm-hisiv500-linux/bin/../target/usr/lib/a7_softfp_neon-vfpv4/libc.a)vdprintf.os
(/opt/hisi-linux/x86-arm/arm-hisiv500-linux/bin/../target/usr/lib/a7_softfp_neon-vfpv4/libc.a)vsnprintf.os
(/opt/hisi-linux/x86-arm/arm-hisiv500-linux/bin/../target/usr/lib/a7_softfp_neon-vfpv4/libc.a)popen.os
(/opt/hisi-linux/x86-arm/arm-hisiv500-linux/bin/../target/usr/lib/a7_softfp_neon-vfpv4/libc.a)fopen64.os
(/opt/hisi-linux/x86-arm/arm-hisiv500-linux/bin/../target/usr/lib/a7_softfp_neon-vfpv4/libc.a)freopen64.os
(/opt/hisi-linux/x86-arm/arm-hisiv500-linux/bin/../target/usr/lib/a7_softfp_neon-vfpv4/libc.a)fseeko64.os
(/opt/hisi-linux/x86-arm/arm-hisiv500-linux/bin/../target/usr/lib/a7_softfp_neon-vfpv4/libc.a)ftello64.os
(/opt/hisi-linux/x86-arm/arm-hisiv500-linux/bin/../target/usr/lib/a7_softfp_neon-vfpv4/libc.a)tempnam.os
(/opt/hisi-linux/x86-arm/arm-hisiv500-linux/bin/../target/usr/lib/a7_softfp_neon-vfpv4/libc.a)_adjust_pos.os
(/opt/hisi-linux/x86-arm/arm-hisiv500-linux/bin/../target/usr/lib/a7_softfp_neon-vfpv4/libc.a)_fopen.os
(/opt/hisi-linux/x86-arm/arm-hisiv500-linux/bin/../target/usr/lib/a7_softfp_neon-vfpv4/libc.a)_stdio.os
(/opt/hisi-linux/x86-arm/arm-hisiv500-linux/bin/../target/usr/lib/a7_softfp_neon-vfpv4/libc.a)_trans2r.os
(/opt/hisi-linux/x86-arm/arm-hisiv500-linux/bin/../target/usr/lib/a7_softfp_neon-vfpv4/libc.a)_wcommit.os
(/opt/hisi-linux/x86-arm/arm-hisiv500-linux/bin/../target/usr/lib/a7_softfp_neon-vfpv4/libc.a)_cs_funcs.os
(/opt/hisi-linux/x86-arm/arm-hisiv500-linux/bin/../target/usr/lib/a7_softfp_neon-vfpv4/libc.a)_uintmaxtostr.os
(/opt/hisi-linux/x86-arm/arm-hisiv500-linux/bin/../target/usr/lib/a7_softfp_neon-vfpv4/libc.a)open_memstream.os
(/opt/hisi-linux/x86-arm/arm-hisiv500-linux/bin/../target/usr/lib/a7_softfp_neon-vfpv4/libc.a)vfprintf.os
(/opt/hisi-linux/x86-arm/arm-hisiv500-linux/bin/../target/usr/lib/a7_softfp_neon-vfpv4/libc.a)_vfprintf_internal.os
(/opt/hisi-linux/x86-arm/arm-hisiv500-linux/bin/../target/usr/lib/a7_softfp_neon-vfpv4/libc.a)_ppfs_init.os
(/opt/hisi-linux/x86-arm/arm-hisiv500-linux/bin/../target/usr/lib/a7_softfp_neon-vfpv4/libc.a)_ppfs_prepargs.os
(/opt/hisi-linux/x86-arm/arm-hisiv500-linux/bin/../target/usr/lib/a7_softfp_neon-vfpv4/libc.a)_ppfs_setargs.os
(/opt/hisi-linux/x86-arm/arm-hisiv500-linux/bin/../target/usr/lib/a7_softfp_neon-vfpv4/libc.a)_ppfs_parsespec.os
(/opt/hisi-linux/x86-arm/arm-hisiv500-linux/bin/../target/usr/lib/a7_softfp_neon-vfpv4/libc.a)scanf.os
(/opt/hisi-linux/x86-arm/arm-hisiv500-linux/bin/../target/usr/lib/a7_softfp_neon-vfpv4/libc.a)sscanf.os
(/opt/hisi-linux/x86-arm/arm-hisiv500-linux/bin/../target/usr/lib/a7_softfp_neon-vfpv4/libc.a)fscanf.os
(/opt/hisi-linux/x86-arm/arm-hisiv500-linux/bin/../target/usr/lib/a7_softfp_neon-vfpv4/libc.a)vsscanf.os
(/opt/hisi-linux/x86-arm/arm-hisiv500-linux/bin/../target/usr/lib/a7_softfp_neon-vfpv4/libc.a)clearerr.os
(/opt/hisi-linux/x86-arm/arm-hisiv500-linux/bin/../target/usr/lib/a7_softfp_neon-vfpv4/libc.a)feof.os
(/opt/hisi-linux/x86-arm/arm-hisiv500-linux/bin/../target/usr/lib/a7_softfp_neon-vfpv4/libc.a)ferror.os
(/opt/hisi-linux/x86-arm/arm-hisiv500-linux/bin/../target/usr/lib/a7_softfp_neon-vfpv4/libc.a)fflush.os
(/opt/hisi-linux/x86-arm/arm-hisiv500-linux/bin/../target/usr/lib/a7_softfp_neon-vfpv4/libc.a)fgets.os
(/opt/hisi-linux/x86-arm/arm-hisiv500-linux/bin/../target/usr/lib/a7_softfp_neon-vfpv4/libc.a)fileno.os
(/opt/hisi-linux/x86-arm/arm-hisiv500-linux/bin/../target/usr/lib/a7_softfp_neon-vfpv4/libc.a)fputc.os
(/opt/hisi-linux/x86-arm/arm-hisiv500-linux/bin/../target/usr/lib/a7_softfp_neon-vfpv4/libc.a)fputs.os
(/opt/hisi-linux/x86-arm/arm-hisiv500-linux/bin/../target/usr/lib/a7_softfp_neon-vfpv4/libc.a)fread.os
(/opt/hisi-linux/x86-arm/arm-hisiv500-linux/bin/../target/usr/lib/a7_softfp_neon-vfpv4/libc.a)fwrite.os
(/opt/hisi-linux/x86-arm/arm-hisiv500-linux/bin/../target/usr/lib/a7_softfp_neon-vfpv4/libc.a)putchar.os
(/opt/hisi-linux/x86-arm/arm-hisiv500-linux/bin/../target/usr/lib/a7_softfp_neon-vfpv4/libc.a)fflush_unlocked.os
(/opt/hisi-linux/x86-arm/arm-hisiv500-linux/bin/../target/usr/lib/a7_softfp_neon-vfpv4/libc.a)fgetc_unlocked.os
(/opt/hisi-linux/x86-arm/arm-hisiv500-linux/bin/../target/usr/lib/a7_softfp_neon-vfpv4/libc.a)fgets_unlocked.os
(/opt/hisi-linux/x86-arm/arm-hisiv500-linux/bin/../target/usr/lib/a7_softfp_neon-vfpv4/libc.a)fileno_unlocked.os
(/opt/hisi-linux/x86-arm/arm-hisiv500-linux/bin/../target/usr/lib/a7_softfp_neon-vfpv4/libc.a)fputc_unlocked.os
(/opt/hisi-linux/x86-arm/arm-hisiv500-linux/bin/../target/usr/lib/a7_softfp_neon-vfpv4/libc.a)fputs_unlocked.os
(/opt/hisi-linux/x86-arm/arm-hisiv500-linux/bin/../target/usr/lib/a7_softfp_neon-vfpv4/libc.a)fread_unlocked.os
(/opt/hisi-linux/x86-arm/arm-hisiv500-linux/bin/../target/usr/lib/a7_softfp_neon-vfpv4/libc.a)fwrite_unlocked.os
(/opt/hisi-linux/x86-arm/arm-hisiv500-linux/bin/../target/usr/lib/a7_softfp_neon-vfpv4/libc.a)memcmp.os
(/opt/hisi-linux/x86-arm/arm-hisiv500-linux/bin/../target/usr/lib/a7_softfp_neon-vfpv4/libc.a)memcpy.os
(/opt/hisi-linux/x86-arm/arm-hisiv500-linux/bin/../target/usr/lib/a7_softfp_neon-vfpv4/libc.a)memmove.os
(/opt/hisi-linux/x86-arm/arm-hisiv500-linux/bin/../target/usr/lib/a7_softfp_neon-vfpv4/libc.a)memset.os
(/opt/hisi-linux/x86-arm/arm-hisiv500-linux/bin/../target/usr/lib/a7_softfp_neon-vfpv4/libc.a)strcmp.os
(/opt/hisi-linux/x86-arm/arm-hisiv500-linux/bin/../target/usr/lib/a7_softfp_neon-vfpv4/libc.a)strlen.os
(/opt/hisi-linux/x86-arm/arm-hisiv500-linux/bin/../target/usr/lib/a7_softfp_neon-vfpv4/libc.a)memchr.os
(/opt/hisi-linux/x86-arm/arm-hisiv500-linux/bin/../target/usr/lib/a7_softfp_neon-vfpv4/libc.a)mempcpy.os
(/opt/hisi-linux/x86-arm/arm-hisiv500-linux/bin/../target/usr/lib/a7_softfp_neon-vfpv4/libc.a)memrchr.os
(/opt/hisi-linux/x86-arm/arm-hisiv500-linux/bin/../target/usr/lib/a7_softfp_neon-vfpv4/libc.a)strcat.os
(/opt/hisi-linux/x86-arm/arm-hisiv500-linux/bin/../target/usr/lib/a7_softfp_neon-vfpv4/libc.a)strchr.os
(/opt/hisi-linux/x86-arm/arm-hisiv500-linux/bin/../target/usr/lib/a7_softfp_neon-vfpv4/libc.a)strchrnul.os
(/opt/hisi-linux/x86-arm/arm-hisiv500-linux/bin/../target/usr/lib/a7_softfp_neon-vfpv4/libc.a)strcpy.os
(/opt/hisi-linux/x86-arm/arm-hisiv500-linux/bin/../target/usr/lib/a7_softfp_neon-vfpv4/libc.a)strcspn.os
(/opt/hisi-linux/x86-arm/arm-hisiv500-linux/bin/../target/usr/lib/a7_softfp_neon-vfpv4/libc.a)strncat.os
(/opt/hisi-linux/x86-arm/arm-hisiv500-linux/bin/../target/usr/lib/a7_softfp_neon-vfpv4/libc.a)strncmp.os
(/opt/hisi-linux/x86-arm/arm-hisiv500-linux/bin/../target/usr/lib/a7_softfp_neon-vfpv4/libc.a)strncpy.os
(/opt/hisi-linux/x86-arm/arm-hisiv500-linux/bin/../target/usr/lib/a7_softfp_neon-vfpv4/libc.a)strnlen.os
(/opt/hisi-linux/x86-arm/arm-hisiv500-linux/bin/../target/usr/lib/a7_softfp_neon-vfpv4/libc.a)strrchr.os
(/opt/hisi-linux/x86-arm/arm-hisiv500-linux/bin/../target/usr/lib/a7_softfp_neon-vfpv4/libc.a)strsep.os
(/opt/hisi-linux/x86-arm/arm-hisiv500-linux/bin/../target/usr/lib/a7_softfp_neon-vfpv4/libc.a)strspn.os
(/opt/hisi-linux/x86-arm/arm-hisiv500-linux/bin/../target/usr/lib/a7_softfp_neon-vfpv4/libc.a)strstr.os
(/opt/hisi-linux/x86-arm/arm-hisiv500-linux/bin/../target/usr/lib/a7_softfp_neon-vfpv4/libc.a)strtok_r.os
(/opt/hisi-linux/x86-arm/arm-hisiv500-linux/bin/../target/usr/lib/a7_softfp_neon-vfpv4/libc.a)dirname.os
(/opt/hisi-linux/x86-arm/arm-hisiv500-linux/bin/../target/usr/lib/a7_softfp_neon-vfpv4/libc.a)__glibc_strerror_r.os
(/opt/hisi-linux/x86-arm/arm-hisiv500-linux/bin/../target/usr/lib/a7_softfp_neon-vfpv4/libc.a)stpcpy.os
(/opt/hisi-linux/x86-arm/arm-hisiv500-linux/bin/../target/usr/lib/a7_softfp_neon-vfpv4/libc.a)strcasecmp.os
(/opt/hisi-linux/x86-arm/arm-hisiv500-linux/bin/../target/usr/lib/a7_softfp_neon-vfpv4/libc.a)strcasestr.os
(/opt/hisi-linux/x86-arm/arm-hisiv500-linux/bin/../target/usr/lib/a7_softfp_neon-vfpv4/libc.a)strdup.os
(/opt/hisi-linux/x86-arm/arm-hisiv500-linux/bin/../target/usr/lib/a7_softfp_neon-vfpv4/libc.a)strerror.os
(/opt/hisi-linux/x86-arm/arm-hisiv500-linux/bin/../target/usr/lib/a7_softfp_neon-vfpv4/libc.a)strncasecmp.os
(/opt/hisi-linux/x86-arm/arm-hisiv500-linux/bin/../target/usr/lib/a7_softfp_neon-vfpv4/libc.a)strpbrk.os
(/opt/hisi-linux/x86-arm/arm-hisiv500-linux/bin/../target/usr/lib/a7_softfp_neon-vfpv4/libc.a)strsignal.os
(/opt/hisi-linux/x86-arm/arm-hisiv500-linux/bin/../target/usr/lib/a7_softfp_neon-vfpv4/libc.a)strtok.os
(/opt/hisi-linux/x86-arm/arm-hisiv500-linux/bin/../target/usr/lib/a7_softfp_neon-vfpv4/libc.a)strverscmp.os
(/opt/hisi-linux/x86-arm/arm-hisiv500-linux/bin/../target/usr/lib/a7_softfp_neon-vfpv4/libc.a)__xpg_strerror_r.os
(/opt/hisi-linux/x86-arm/arm-hisiv500-linux/bin/../target/usr/lib/a7_softfp_neon-vfpv4/libc.a)cfmakeraw.os
(/opt/hisi-linux/x86-arm/arm-hisiv500-linux/bin/../target/usr/lib/a7_softfp_neon-vfpv4/libc.a)cfsetspeed.os
(/opt/hisi-linux/x86-arm/arm-hisiv500-linux/bin/../target/usr/lib/a7_softfp_neon-vfpv4/libc.a)isatty.os
(/opt/hisi-linux/x86-arm/arm-hisiv500-linux/bin/../target/usr/lib/a7_softfp_neon-vfpv4/libc.a)speed.os
(/opt/hisi-linux/x86-arm/arm-hisiv500-linux/bin/../target/usr/lib/a7_softfp_neon-vfpv4/libc.a)tcdrain.os
(/opt/hisi-linux/x86-arm/arm-hisiv500-linux/bin/../target/usr/lib/a7_softfp_neon-vfpv4/libc.a)tcflush.os
(/opt/hisi-linux/x86-arm/arm-hisiv500-linux/bin/../target/usr/lib/a7_softfp_neon-vfpv4/libc.a)tcgetattr.os
(/opt/hisi-linux/x86-arm/arm-hisiv500-linux/bin/../target/usr/lib/a7_softfp_neon-vfpv4/libc.a)tcgetpgrp.os
(/opt/hisi-linux/x86-arm/arm-hisiv500-linux/bin/../target/usr/lib/a7_softfp_neon-vfpv4/libc.a)tcgetsid.os
(/opt/hisi-linux/x86-arm/arm-hisiv500-linux/bin/../target/usr/lib/a7_softfp_neon-vfpv4/libc.a)tcsendbrk.os
(/opt/hisi-linux/x86-arm/arm-hisiv500-linux/bin/../target/usr/lib/a7_softfp_neon-vfpv4/libc.a)tcsetattr.os
(/opt/hisi-linux/x86-arm/arm-hisiv500-linux/bin/../target/usr/lib/a7_softfp_neon-vfpv4/libc.a)tcsetpgrp.os
(/opt/hisi-linux/x86-arm/arm-hisiv500-linux/bin/../target/usr/lib/a7_softfp_neon-vfpv4/libc.a)ttyname.os
(/opt/hisi-linux/x86-arm/arm-hisiv500-linux/bin/../target/usr/lib/a7_softfp_neon-vfpv4/libc.a)bindresvport.os
(/opt/hisi-linux/x86-arm/arm-hisiv500-linux/bin/../target/usr/lib/a7_softfp_neon-vfpv4/libc.a)getrpcent.os
(/opt/hisi-linux/x86-arm/arm-hisiv500-linux/bin/../target/usr/lib/a7_softfp_neon-vfpv4/libc.a)pmap_clnt.os
(/opt/hisi-linux/x86-arm/arm-hisiv500-linux/bin/../target/usr/lib/a7_softfp_neon-vfpv4/libc.a)pmap_prot.os
(/opt/hisi-linux/x86-arm/arm-hisiv500-linux/bin/../target/usr/lib/a7_softfp_neon-vfpv4/libc.a)xdr.os
(/opt/hisi-linux/x86-arm/arm-hisiv500-linux/bin/../target/usr/lib/a7_softfp_neon-vfpv4/libc.a)getservice.os
(/opt/hisi-linux/x86-arm/arm-hisiv500-linux/bin/../target/usr/lib/a7_softfp_neon-vfpv4/libc.a)hostid.os
(/opt/hisi-linux/x86-arm/arm-hisiv500-linux/bin/../target/usr/lib/a7_softfp_neon-vfpv4/libc.a)herror.os
(/opt/hisi-linux/x86-arm/arm-hisiv500-linux/bin/../target/usr/lib/a7_softfp_neon-vfpv4/libc.a)if_index.os
(/opt/hisi-linux/x86-arm/arm-hisiv500-linux/bin/../target/usr/lib/a7_softfp_neon-vfpv4/libc.a)getaddrinfo.os
(/opt/hisi-linux/x86-arm/arm-hisiv500-linux/bin/../target/usr/lib/a7_softfp_neon-vfpv4/libc.a)ifaddrs.os
(/opt/hisi-linux/x86-arm/arm-hisiv500-linux/bin/../target/usr/lib/a7_softfp_neon-vfpv4/libc.a)ntop.os
(/opt/hisi-linux/x86-arm/arm-hisiv500-linux/bin/../target/usr/lib/a7_softfp_neon-vfpv4/libc.a)in6_addr.os
(/opt/hisi-linux/x86-arm/arm-hisiv500-linux/bin/../target/usr/lib/a7_softfp_neon-vfpv4/libc.a)inet_aton.os
(/opt/hisi-linux/x86-arm/arm-hisiv500-linux/bin/../target/usr/lib/a7_softfp_neon-vfpv4/libc.a)inet_ntoa.os
(/opt/hisi-linux/x86-arm/arm-hisiv500-linux/bin/../target/usr/lib/a7_softfp_neon-vfpv4/libc.a)inet_makeaddr.os
(/opt/hisi-linux/x86-arm/arm-hisiv500-linux/bin/../target/usr/lib/a7_softfp_neon-vfpv4/libc.a)getnameinfo.os
(/opt/hisi-linux/x86-arm/arm-hisiv500-linux/bin/../target/usr/lib/a7_softfp_neon-vfpv4/libc.a)gethostbyaddr_r.os
(/opt/hisi-linux/x86-arm/arm-hisiv500-linux/bin/../target/usr/lib/a7_softfp_neon-vfpv4/libc.a)gethostbyname2_r.os
(/opt/hisi-linux/x86-arm/arm-hisiv500-linux/bin/../target/usr/lib/a7_softfp_neon-vfpv4/libc.a)gethostbyaddr.os
(/opt/hisi-linux/x86-arm/arm-hisiv500-linux/bin/../target/usr/lib/a7_softfp_neon-vfpv4/libc.a)gethostbyname.os
(/opt/hisi-linux/x86-arm/arm-hisiv500-linux/bin/../target/usr/lib/a7_softfp_neon-vfpv4/libc.a)gethostbyname2.os
(/opt/hisi-linux/x86-arm/arm-hisiv500-linux/bin/../target/usr/lib/a7_softfp_neon-vfpv4/libc.a)res_init.os
(/opt/hisi-linux/x86-arm/arm-hisiv500-linux/bin/../target/usr/lib/a7_softfp_neon-vfpv4/libc.a)_res_state.os
(/opt/hisi-linux/x86-arm/arm-hisiv500-linux/bin/../target/usr/lib/a7_softfp_neon-vfpv4/libc.a)accept.os
(/opt/hisi-linux/x86-arm/arm-hisiv500-linux/bin/../target/usr/lib/a7_softfp_neon-vfpv4/libc.a)bind.os
(/opt/hisi-linux/x86-arm/arm-hisiv500-linux/bin/../target/usr/lib/a7_softfp_neon-vfpv4/libc.a)connect.os
(/opt/hisi-linux/x86-arm/arm-hisiv500-linux/bin/../target/usr/lib/a7_softfp_neon-vfpv4/libc.a)getpeername.os
(/opt/hisi-linux/x86-arm/arm-hisiv500-linux/bin/../target/usr/lib/a7_softfp_neon-vfpv4/libc.a)getsockname.os
(/opt/hisi-linux/x86-arm/arm-hisiv500-linux/bin/../target/usr/lib/a7_softfp_neon-vfpv4/libc.a)getsockopt.os
(/opt/hisi-linux/x86-arm/arm-hisiv500-linux/bin/../target/usr/lib/a7_softfp_neon-vfpv4/libc.a)listen.os
(/opt/hisi-linux/x86-arm/arm-hisiv500-linux/bin/../target/usr/lib/a7_softfp_neon-vfpv4/libc.a)recv.os
(/opt/hisi-linux/x86-arm/arm-hisiv500-linux/bin/../target/usr/lib/a7_softfp_neon-vfpv4/libc.a)recvfrom.os
(/opt/hisi-linux/x86-arm/arm-hisiv500-linux/bin/../target/usr/lib/a7_softfp_neon-vfpv4/libc.a)recvmsg.os
(/opt/hisi-linux/x86-arm/arm-hisiv500-linux/bin/../target/usr/lib/a7_softfp_neon-vfpv4/libc.a)send.os
(/opt/hisi-linux/x86-arm/arm-hisiv500-linux/bin/../target/usr/lib/a7_softfp_neon-vfpv4/libc.a)sendmsg.os
(/opt/hisi-linux/x86-arm/arm-hisiv500-linux/bin/../target/usr/lib/a7_softfp_neon-vfpv4/libc.a)sendto.os
(/opt/hisi-linux/x86-arm/arm-hisiv500-linux/bin/../target/usr/lib/a7_softfp_neon-vfpv4/libc.a)setsockopt.os
(/opt/hisi-linux/x86-arm/arm-hisiv500-linux/bin/../target/usr/lib/a7_softfp_neon-vfpv4/libc.a)shutdown.os
(/opt/hisi-linux/x86-arm/arm-hisiv500-linux/bin/../target/usr/lib/a7_softfp_neon-vfpv4/libc.a)socket.os
(/opt/hisi-linux/x86-arm/arm-hisiv500-linux/bin/../target/usr/lib/a7_softfp_neon-vfpv4/libc.a)opensock.os
(/opt/hisi-linux/x86-arm/arm-hisiv500-linux/bin/../target/usr/lib/a7_softfp_neon-vfpv4/libc.a)ethers.os
(/opt/hisi-linux/x86-arm/arm-hisiv500-linux/bin/../target/usr/lib/a7_softfp_neon-vfpv4/libc.a)ether_addr.os
(/opt/hisi-linux/x86-arm/arm-hisiv500-linux/bin/../target/usr/lib/a7_softfp_neon-vfpv4/libc.a)killpg.os
(/opt/hisi-linux/x86-arm/arm-hisiv500-linux/bin/../target/usr/lib/a7_softfp_neon-vfpv4/libc.a)sigaddset.os
(/opt/hisi-linux/x86-arm/arm-hisiv500-linux/bin/../target/usr/lib/a7_softfp_neon-vfpv4/libc.a)sigdelset.os
(/opt/hisi-linux/x86-arm/arm-hisiv500-linux/bin/../target/usr/lib/a7_softfp_neon-vfpv4/libc.a)sigismem.os
(/opt/hisi-linux/x86-arm/arm-hisiv500-linux/bin/../target/usr/lib/a7_softfp_neon-vfpv4/libc.a)sigjmp.os
(/opt/hisi-linux/x86-arm/arm-hisiv500-linux/bin/../target/usr/lib/a7_softfp_neon-vfpv4/libc.a)signal.os
(/opt/hisi-linux/x86-arm/arm-hisiv500-linux/bin/../target/usr/lib/a7_softfp_neon-vfpv4/libc.a)sigsetops.os
(/opt/hisi-linux/x86-arm/arm-hisiv500-linux/bin/../target/usr/lib/a7_softfp_neon-vfpv4/libc.a)malloc.os
(/opt/hisi-linux/x86-arm/arm-hisiv500-linux/bin/../target/usr/lib/a7_softfp_neon-vfpv4/libc.a)calloc.os
(/opt/hisi-linux/x86-arm/arm-hisiv500-linux/bin/../target/usr/lib/a7_softfp_neon-vfpv4/libc.a)realloc.os
(/opt/hisi-linux/x86-arm/arm-hisiv500-linux/bin/../target/usr/lib/a7_softfp_neon-vfpv4/libc.a)free.os
(/opt/hisi-linux/x86-arm/arm-hisiv500-linux/bin/../target/usr/lib/a7_softfp_neon-vfpv4/libc.a)mallopt.os
(/opt/hisi-linux/x86-arm/arm-hisiv500-linux/bin/../target/usr/lib/a7_softfp_neon-vfpv4/libc.a)abort.os
(/opt/hisi-linux/x86-arm/arm-hisiv500-linux/bin/../target/usr/lib/a7_softfp_neon-vfpv4/libc.a)getenv.os
(/opt/hisi-linux/x86-arm/arm-hisiv500-linux/bin/../target/usr/lib/a7_softfp_neon-vfpv4/libc.a)mkdtemp.os
(/opt/hisi-linux/x86-arm/arm-hisiv500-linux/bin/../target/usr/lib/a7_softfp_neon-vfpv4/libc.a)realpath.os
(/opt/hisi-linux/x86-arm/arm-hisiv500-linux/bin/../target/usr/lib/a7_softfp_neon-vfpv4/libc.a)rand.os
(/opt/hisi-linux/x86-arm/arm-hisiv500-linux/bin/../target/usr/lib/a7_softfp_neon-vfpv4/libc.a)random.os
(/opt/hisi-linux/x86-arm/arm-hisiv500-linux/bin/../target/usr/lib/a7_softfp_neon-vfpv4/libc.a)random_r.os
(/opt/hisi-linux/x86-arm/arm-hisiv500-linux/bin/../target/usr/lib/a7_softfp_neon-vfpv4/libc.a)setenv.os
(/opt/hisi-linux/x86-arm/arm-hisiv500-linux/bin/../target/usr/lib/a7_softfp_neon-vfpv4/libc.a)div.os
(/opt/hisi-linux/x86-arm/arm-hisiv500-linux/bin/../target/usr/lib/a7_softfp_neon-vfpv4/libc.a)grantpt.os
(/opt/hisi-linux/x86-arm/arm-hisiv500-linux/bin/../target/usr/lib/a7_softfp_neon-vfpv4/libc.a)unlockpt.os
(/opt/hisi-linux/x86-arm/arm-hisiv500-linux/bin/../target/usr/lib/a7_softfp_neon-vfpv4/libc.a)ptsname.os
(/opt/hisi-linux/x86-arm/arm-hisiv500-linux/bin/../target/usr/lib/a7_softfp_neon-vfpv4/libc.a)mkstemp64.os
(/opt/hisi-linux/x86-arm/arm-hisiv500-linux/bin/../target/usr/lib/a7_softfp_neon-vfpv4/libc.a)atol.os
(/opt/hisi-linux/x86-arm/arm-hisiv500-linux/bin/../target/usr/lib/a7_softfp_neon-vfpv4/libc.a)strtol.os
(/opt/hisi-linux/x86-arm/arm-hisiv500-linux/bin/../target/usr/lib/a7_softfp_neon-vfpv4/libc.a)strtoul.os
(/opt/hisi-linux/x86-arm/arm-hisiv500-linux/bin/../target/usr/lib/a7_softfp_neon-vfpv4/libc.a)_stdlib_strto_l.os
(/opt/hisi-linux/x86-arm/arm-hisiv500-linux/bin/../target/usr/lib/a7_softfp_neon-vfpv4/libc.a)qsort.os
(/opt/hisi-linux/x86-arm/arm-hisiv500-linux/bin/../target/usr/lib/a7_softfp_neon-vfpv4/libc.a)qsort_r.os
(/opt/hisi-linux/x86-arm/arm-hisiv500-linux/bin/../target/usr/lib/a7_softfp_neon-vfpv4/libc.a)bsearch.os
(/opt/hisi-linux/x86-arm/arm-hisiv500-linux/bin/../target/usr/lib/a7_softfp_neon-vfpv4/libc.a)strtoll.os
(/opt/hisi-linux/x86-arm/arm-hisiv500-linux/bin/../target/usr/lib/a7_softfp_neon-vfpv4/libc.a)strtoull.os
(/opt/hisi-linux/x86-arm/arm-hisiv500-linux/bin/../target/usr/lib/a7_softfp_neon-vfpv4/libc.a)_stdlib_strto_ll.os
(/opt/hisi-linux/x86-arm/arm-hisiv500-linux/bin/../target/usr/lib/a7_softfp_neon-vfpv4/libc.a)atof.os
(/opt/hisi-linux/x86-arm/arm-hisiv500-linux/bin/../target/usr/lib/a7_softfp_neon-vfpv4/libc.a)strtod.os
(/opt/hisi-linux/x86-arm/arm-hisiv500-linux/bin/../target/usr/lib/a7_softfp_neon-vfpv4/libc.a)__strtofpmax.os
(/opt/hisi-linux/x86-arm/arm-hisiv500-linux/bin/../target/usr/lib/a7_softfp_neon-vfpv4/libc.a)__fp_range_check.os
(/opt/hisi-linux/x86-arm/arm-hisiv500-linux/bin/../target/usr/lib/a7_softfp_neon-vfpv4/libc.a)exit.os
(/opt/hisi-linux/x86-arm/arm-hisiv500-linux/bin/../target/usr/lib/a7_softfp_neon-vfpv4/libc.a)daemon.os
(/opt/hisi-linux/x86-arm/arm-hisiv500-linux/bin/../target/usr/lib/a7_softfp_neon-vfpv4/libc.a)execl.os
(/opt/hisi-linux/x86-arm/arm-hisiv500-linux/bin/../target/usr/lib/a7_softfp_neon-vfpv4/libc.a)execle.os
(/opt/hisi-linux/x86-arm/arm-hisiv500-linux/bin/../target/usr/lib/a7_softfp_neon-vfpv4/libc.a)execlp.os
(/opt/hisi-linux/x86-arm/arm-hisiv500-linux/bin/../target/usr/lib/a7_softfp_neon-vfpv4/libc.a)execv.os
(/opt/hisi-linux/x86-arm/arm-hisiv500-linux/bin/../target/usr/lib/a7_softfp_neon-vfpv4/libc.a)execvp.os
(/opt/hisi-linux/x86-arm/arm-hisiv500-linux/bin/../target/usr/lib/a7_softfp_neon-vfpv4/libc.a)getlogin.os
(/opt/hisi-linux/x86-arm/arm-hisiv500-linux/bin/../target/usr/lib/a7_softfp_neon-vfpv4/libc.a)getopt.os
(/opt/hisi-linux/x86-arm/arm-hisiv500-linux/bin/../target/usr/lib/a7_softfp_neon-vfpv4/libc.a)sysconf.os
(/opt/hisi-linux/x86-arm/arm-hisiv500-linux/bin/../target/usr/lib/a7_softfp_neon-vfpv4/libc.a)usershell.os
(/opt/hisi-linux/x86-arm/arm-hisiv500-linux/bin/../target/usr/lib/a7_softfp_neon-vfpv4/libc.a)usleep.os
(/opt/hisi-linux/x86-arm/arm-hisiv500-linux/bin/../target/usr/lib/a7_softfp_neon-vfpv4/libc.a)vfork.os
(/opt/hisi-linux/x86-arm/arm-hisiv500-linux/bin/../target/usr/lib/a7_softfp_neon-vfpv4/libc.a)fork.os
(/opt/hisi-linux/x86-arm/arm-hisiv500-linux/bin/../target/usr/lib/a7_softfp_neon-vfpv4/libc.a)libc-lowlevellock.os
(/opt/hisi-linux/x86-arm/arm-hisiv500-linux/bin/../target/usr/lib/a7_softfp_neon-vfpv4/libc.a)libc_multiple_threads.os
(/opt/hisi-linux/x86-arm/arm-hisiv500-linux/bin/../target/usr/lib/a7_softfp_neon-vfpv4/libc.a)register-atfork.os
(/opt/hisi-linux/x86-arm/arm-hisiv500-linux/bin/../target/usr/lib/a7_softfp_neon-vfpv4/libc.a)getpid.os
(/opt/hisi-linux/x86-arm/arm-hisiv500-linux/bin/../target/usr/lib/a7_softfp_neon-vfpv4/libc.a)raise.os
(/opt/hisi-linux/x86-arm/arm-hisiv500-linux/bin/../target/usr/lib/a7_softfp_neon-vfpv4/libc.a)sleep.os
(/opt/hisi-linux/x86-arm/arm-hisiv500-linux/bin/../target/usr/lib/a7_softfp_neon-vfpv4/libc.a)jmp-unwind.os
(/opt/hisi-linux/x86-arm/arm-hisiv500-linux/bin/../target/usr/lib/a7_softfp_neon-vfpv4/libc.a)close.os
(/opt/hisi-linux/x86-arm/arm-hisiv500-linux/bin/../target/usr/lib/a7_softfp_neon-vfpv4/libc.a)open.os
(/opt/hisi-linux/x86-arm/arm-hisiv500-linux/bin/../target/usr/lib/a7_softfp_neon-vfpv4/libc.a)write.os
(/opt/hisi-linux/x86-arm/arm-hisiv500-linux/bin/../target/usr/lib/a7_softfp_neon-vfpv4/libc.a)read.os
(/opt/hisi-linux/x86-arm/arm-hisiv500-linux/bin/../target/usr/lib/a7_softfp_neon-vfpv4/libc.a)libc-cancellation.os
(/opt/hisi-linux/x86-arm/arm-hisiv500-linux/bin/../target/usr/lib/a7_softfp_neon-vfpv4/libc.a)libc-tls.os
(/opt/hisi-linux/x86-arm/arm-hisiv500-linux/bin/../target/usr/lib/a7_softfp_neon-vfpv4/libc.a)dl-support.os
(/opt/hisi-linux/x86-arm/arm-hisiv500-linux/bin/../target/usr/lib/a7_softfp_neon-vfpv4/libc.a)__uClibc_main.os
(/opt/hisi-linux/x86-arm/arm-hisiv500-linux/bin/../target/usr/lib/a7_softfp_neon-vfpv4/libc.a)atexit.os
(/opt/hisi-linux/x86-arm/arm-hisiv500-linux/bin/../target/usr/lib/a7_softfp_neon-vfpv4/libc.a)system.os
(/opt/hisi-linux/x86-arm/arm-hisiv500-linux/bin/../target/usr/lib/a7_softfp_neon-vfpv4/libc.a)mmap.os
(/opt/hisi-linux/x86-arm/arm-hisiv500-linux/bin/../target/usr/lib/a7_softfp_neon-vfpv4/libc.a)__syscall_error.os
(/opt/hisi-linux/x86-arm/arm-hisiv500-linux/bin/../target/usr/lib/a7_softfp_neon-vfpv4/libc.a)__longjmp.os
(/opt/hisi-linux/x86-arm/arm-hisiv500-linux/bin/../target/usr/lib/a7_softfp_neon-vfpv4/libc.a)fstat.os
(/opt/hisi-linux/x86-arm/arm-hisiv500-linux/bin/../target/usr/lib/a7_softfp_neon-vfpv4/libc.a)getdomainname.os
(/opt/hisi-linux/x86-arm/arm-hisiv500-linux/bin/../target/usr/lib/a7_softfp_neon-vfpv4/libc.a)getdtablesize.os
(/opt/hisi-linux/x86-arm/arm-hisiv500-linux/bin/../target/usr/lib/a7_softfp_neon-vfpv4/libc.a)gethostname.os
(/opt/hisi-linux/x86-arm/arm-hisiv500-linux/bin/../target/usr/lib/a7_softfp_neon-vfpv4/libc.a)getrlimit.os
(/opt/hisi-linux/x86-arm/arm-hisiv500-linux/bin/../target/usr/lib/a7_softfp_neon-vfpv4/libc.a)lseek.os
(/opt/hisi-linux/x86-arm/arm-hisiv500-linux/bin/../target/usr/lib/a7_softfp_neon-vfpv4/libc.a)lstat.os
(/opt/hisi-linux/x86-arm/arm-hisiv500-linux/bin/../target/usr/lib/a7_softfp_neon-vfpv4/libc.a)mremap.os
(/opt/hisi-linux/x86-arm/arm-hisiv500-linux/bin/../target/usr/lib/a7_softfp_neon-vfpv4/libc.a)munmap.os
(/opt/hisi-linux/x86-arm/arm-hisiv500-linux/bin/../target/usr/lib/a7_softfp_neon-vfpv4/libc.a)sbrk.os
(/opt/hisi-linux/x86-arm/arm-hisiv500-linux/bin/../target/usr/lib/a7_softfp_neon-vfpv4/libc.a)setrlimit.os
(/opt/hisi-linux/x86-arm/arm-hisiv500-linux/bin/../target/usr/lib/a7_softfp_neon-vfpv4/libc.a)statfs.os
(/opt/hisi-linux/x86-arm/arm-hisiv500-linux/bin/../target/usr/lib/a7_softfp_neon-vfpv4/libc.a)__syscall_fcntl.os
(/opt/hisi-linux/x86-arm/arm-hisiv500-linux/bin/../target/usr/lib/a7_softfp_neon-vfpv4/libc.a)xstatconv.os
(/opt/hisi-linux/x86-arm/arm-hisiv500-linux/bin/../target/usr/lib/a7_softfp_neon-vfpv4/libc.a)getdents64.os
(/opt/hisi-linux/x86-arm/arm-hisiv500-linux/bin/../target/usr/lib/a7_softfp_neon-vfpv4/libc.a)__C_ctype_b.os
(/opt/hisi-linux/x86-arm/arm-hisiv500-linux/bin/../target/usr/lib/a7_softfp_neon-vfpv4/libc.a)__C_ctype_tolower.os
(/opt/hisi-linux/x86-arm/arm-hisiv500-linux/bin/../target/usr/lib/a7_softfp_neon-vfpv4/libc.a)readdir.os
(/opt/hisi-linux/x86-arm/arm-hisiv500-linux/bin/../target/usr/lib/a7_softfp_neon-vfpv4/libc.a)lockf.os
(/opt/hisi-linux/x86-arm/arm-hisiv500-linux/bin/../target/usr/lib/a7_softfp_neon-vfpv4/libc.a)glob-susv3.os
(/opt/hisi-linux/x86-arm/arm-hisiv500-linux/bin/../target/usr/lib/a7_softfp_neon-vfpv4/libc.a)tempname.os
(/opt/hisi-linux/x86-arm/arm-hisiv500-linux/bin/../target/usr/lib/a7_softfp_neon-vfpv4/libc.a)parse_config.os
(/opt/hisi-linux/x86-arm/arm-hisiv500-linux/bin/../target/usr/lib/a7_softfp_neon-vfpv4/libc.a)_locale_init.os
(/opt/hisi-linux/x86-arm/arm-hisiv500-linux/bin/../target/usr/lib/a7_softfp_neon-vfpv4/libc.a)nl_langinfo.os
(/opt/hisi-linux/x86-arm/arm-hisiv500-linux/bin/../target/usr/lib/a7_softfp_neon-vfpv4/libc.a)__locale_mbrtowc_l.os
(/opt/hisi-linux/x86-arm/arm-hisiv500-linux/bin/../target/usr/lib/a7_softfp_neon-vfpv4/libc.a)asctime.os
(/opt/hisi-linux/x86-arm/arm-hisiv500-linux/bin/../target/usr/lib/a7_softfp_neon-vfpv4/libc.a)asctime_r.os
(/opt/hisi-linux/x86-arm/arm-hisiv500-linux/bin/../target/usr/lib/a7_softfp_neon-vfpv4/libc.a)wcrtomb.os
(/opt/hisi-linux/x86-arm/arm-hisiv500-linux/bin/../target/usr/lib/a7_softfp_neon-vfpv4/libc.a)mbsrtowcs.os
(/opt/hisi-linux/x86-arm/arm-hisiv500-linux/bin/../target/usr/lib/a7_softfp_neon-vfpv4/libc.a)wcsrtombs.os
(/opt/hisi-linux/x86-arm/arm-hisiv500-linux/bin/../target/usr/lib/a7_softfp_neon-vfpv4/libc.a)wcsnrtombs.os
(/opt/hisi-linux/x86-arm/arm-hisiv500-linux/bin/../target/usr/lib/a7_softfp_neon-vfpv4/libc.a)getdelim.os
(/opt/hisi-linux/x86-arm/arm-hisiv500-linux/bin/../target/usr/lib/a7_softfp_neon-vfpv4/libc.a)perror.os
(/opt/hisi-linux/x86-arm/arm-hisiv500-linux/bin/../target/usr/lib/a7_softfp_neon-vfpv4/libc.a)_READ.os
(/opt/hisi-linux/x86-arm/arm-hisiv500-linux/bin/../target/usr/lib/a7_softfp_neon-vfpv4/libc.a)_WRITE.os
(/opt/hisi-linux/x86-arm/arm-hisiv500-linux/bin/../target/usr/lib/a7_softfp_neon-vfpv4/libc.a)_fwrite.os
(/opt/hisi-linux/x86-arm/arm-hisiv500-linux/bin/../target/usr/lib/a7_softfp_neon-vfpv4/libc.a)_rfill.os
(/opt/hisi-linux/x86-arm/arm-hisiv500-linux/bin/../target/usr/lib/a7_softfp_neon-vfpv4/libc.a)_trans2w.os
(/opt/hisi-linux/x86-arm/arm-hisiv500-linux/bin/../target/usr/lib/a7_softfp_neon-vfpv4/libc.a)_load_inttype.os
(/opt/hisi-linux/x86-arm/arm-hisiv500-linux/bin/../target/usr/lib/a7_softfp_neon-vfpv4/libc.a)_store_inttype.os
(/opt/hisi-linux/x86-arm/arm-hisiv500-linux/bin/../target/usr/lib/a7_softfp_neon-vfpv4/libc.a)_fpmaxtostr.os
(/opt/hisi-linux/x86-arm/arm-hisiv500-linux/bin/../target/usr/lib/a7_softfp_neon-vfpv4/libc.a)fopencookie.os
(/opt/hisi-linux/x86-arm/arm-hisiv500-linux/bin/../target/usr/lib/a7_softfp_neon-vfpv4/libc.a)vfscanf.os
(/opt/hisi-linux/x86-arm/arm-hisiv500-linux/bin/../target/usr/lib/a7_softfp_neon-vfpv4/libc.a)__scan_cookie.os
(/opt/hisi-linux/x86-arm/arm-hisiv500-linux/bin/../target/usr/lib/a7_softfp_neon-vfpv4/libc.a)__psfs_parse_spec.os
(/opt/hisi-linux/x86-arm/arm-hisiv500-linux/bin/../target/usr/lib/a7_softfp_neon-vfpv4/libc.a)__psfs_do_numeric.os
(/opt/hisi-linux/x86-arm/arm-hisiv500-linux/bin/../target/usr/lib/a7_softfp_neon-vfpv4/libc.a)fgetc.os
(/opt/hisi-linux/x86-arm/arm-hisiv500-linux/bin/../target/usr/lib/a7_softfp_neon-vfpv4/libc.a)_memcpy.os
(/opt/hisi-linux/x86-arm/arm-hisiv500-linux/bin/../target/usr/lib/a7_softfp_neon-vfpv4/libc.a)rawmemchr.os
(/opt/hisi-linux/x86-arm/arm-hisiv500-linux/bin/../target/usr/lib/a7_softfp_neon-vfpv4/libc.a)_string_syserrmsgs.os
(/opt/hisi-linux/x86-arm/arm-hisiv500-linux/bin/../target/usr/lib/a7_softfp_neon-vfpv4/libc.a)_string_syssigmsgs.os
(/opt/hisi-linux/x86-arm/arm-hisiv500-linux/bin/../target/usr/lib/a7_softfp_neon-vfpv4/libc.a)strndup.os
(/opt/hisi-linux/x86-arm/arm-hisiv500-linux/bin/../target/usr/lib/a7_softfp_neon-vfpv4/libc.a)clnt_perror.os
(/opt/hisi-linux/x86-arm/arm-hisiv500-linux/bin/../target/usr/lib/a7_softfp_neon-vfpv4/libc.a)clnt_udp.os
(/opt/hisi-linux/x86-arm/arm-hisiv500-linux/bin/../target/usr/lib/a7_softfp_neon-vfpv4/libc.a)create_xid.os
(/opt/hisi-linux/x86-arm/arm-hisiv500-linux/bin/../target/usr/lib/a7_softfp_neon-vfpv4/libc.a)pm_getport.os
(/opt/hisi-linux/x86-arm/arm-hisiv500-linux/bin/../target/usr/lib/a7_softfp_neon-vfpv4/libc.a)rpc_commondata.os
(/opt/hisi-linux/x86-arm/arm-hisiv500-linux/bin/../target/usr/lib/a7_softfp_neon-vfpv4/libc.a)rpc_prot.os
(/opt/hisi-linux/x86-arm/arm-hisiv500-linux/bin/../target/usr/lib/a7_softfp_neon-vfpv4/libc.a)xdr_mem.os
(/opt/hisi-linux/x86-arm/arm-hisiv500-linux/bin/../target/usr/lib/a7_softfp_neon-vfpv4/libc.a)decoded.os
(/opt/hisi-linux/x86-arm/arm-hisiv500-linux/bin/../target/usr/lib/a7_softfp_neon-vfpv4/libc.a)dnslookup.os
(/opt/hisi-linux/x86-arm/arm-hisiv500-linux/bin/../target/usr/lib/a7_softfp_neon-vfpv4/libc.a)opennameservers.os
(/opt/hisi-linux/x86-arm/arm-hisiv500-linux/bin/../target/usr/lib/a7_softfp_neon-vfpv4/libc.a)closenameservers.os
(/opt/hisi-linux/x86-arm/arm-hisiv500-linux/bin/../target/usr/lib/a7_softfp_neon-vfpv4/libc.a)get_hosts_byaddr_r.os
(/opt/hisi-linux/x86-arm/arm-hisiv500-linux/bin/../target/usr/lib/a7_softfp_neon-vfpv4/libc.a)get_hosts_byname_r.os
(/opt/hisi-linux/x86-arm/arm-hisiv500-linux/bin/../target/usr/lib/a7_softfp_neon-vfpv4/libc.a)gethostbyname_r.os
(/opt/hisi-linux/x86-arm/arm-hisiv500-linux/bin/../target/usr/lib/a7_softfp_neon-vfpv4/libc.a)lrand48_r.os
(/opt/hisi-linux/x86-arm/arm-hisiv500-linux/bin/../target/usr/lib/a7_softfp_neon-vfpv4/libc.a)nrand48_r.os
(/opt/hisi-linux/x86-arm/arm-hisiv500-linux/bin/../target/usr/lib/a7_softfp_neon-vfpv4/libc.a)srand48_r.os
(/opt/hisi-linux/x86-arm/arm-hisiv500-linux/bin/../target/usr/lib/a7_softfp_neon-vfpv4/libc.a)__cxa_atexit.os
(/opt/hisi-linux/x86-arm/arm-hisiv500-linux/bin/../target/usr/lib/a7_softfp_neon-vfpv4/libc.a)__exit_handler.os
(/opt/hisi-linux/x86-arm/arm-hisiv500-linux/bin/../target/usr/lib/a7_softfp_neon-vfpv4/libc.a)rpc_thread.os
(/opt/hisi-linux/x86-arm/arm-hisiv500-linux/bin/../target/usr/lib/a7_softfp_neon-vfpv4/libc.a)locale_data.os
(/opt/hisi-linux/x86-arm/arm-hisiv500-linux/bin/../target/usr/lib/a7_softfp_neon-vfpv4/libc.a)brk.os
(/opt/hisi-linux/x86-arm/arm-hisiv500-linux/bin/../target/usr/lib/a7_softfp_neon-vfpv4/libc.a)getdents.os
(/opt/hisi-linux/x86-arm/arm-hisiv500-linux/bin/../target/usr/lib/a7_softfp_neon-vfpv4/libc.a)stat.os
(/opt/hisi-linux/x86-arm/arm-hisiv500-linux/bin/../target/usr/lib/a7_softfp_neon-vfpv4/libc.a)__C_ctype_toupper.os
(/opt/hisi-linux/x86-arm/arm-hisiv500-linux/bin/../target/usr/lib/a7_softfp_neon-vfpv4/libc.a)readdir64_r.os
(/opt/hisi-linux/x86-arm/arm-hisiv500-linux/bin/../target/usr/lib/a7_softfp_neon-vfpv4/libc.a)_wchar_wcsntoutf8s.os
(/opt/hisi-linux/x86-arm/arm-hisiv500-linux/bin/../target/usr/lib/a7_softfp_neon-vfpv4/libc.a)auth_none.os
(/opt/hisi-linux/x86-arm/arm-hisiv500-linux/bin/../target/usr/lib/a7_softfp_neon-vfpv4/libc.a)clnt_simple.os
(/opt/hisi-linux/x86-arm/arm-hisiv500-linux/bin/../target/usr/lib/a7_softfp_neon-vfpv4/libc.a)svc.os
(/opt/hisi-linux/x86-arm/arm-hisiv500-linux/bin/../target/usr/lib/a7_softfp_neon-vfpv4/libc.a)encodeh.os
(/opt/hisi-linux/x86-arm/arm-hisiv500-linux/bin/../target/usr/lib/a7_softfp_neon-vfpv4/libc.a)decodeh.os
(/opt/hisi-linux/x86-arm/arm-hisiv500-linux/bin/../target/usr/lib/a7_softfp_neon-vfpv4/libc.a)encodeq.os
(/opt/hisi-linux/x86-arm/arm-hisiv500-linux/bin/../target/usr/lib/a7_softfp_neon-vfpv4/libc.a)read_etc_hosts_r.os
(/opt/hisi-linux/x86-arm/arm-hisiv500-linux/bin/../target/usr/lib/a7_softfp_neon-vfpv4/libc.a)drand48-iter.os
(/opt/hisi-linux/x86-arm/arm-hisiv500-linux/bin/../target/usr/lib/a7_softfp_neon-vfpv4/libc.a)ffs.os
(/opt/hisi-linux/x86-arm/arm-hisiv500-linux/bin/../target/usr/lib/a7_softfp_neon-vfpv4/libc.a)rpc_dtablesize.os
(/opt/hisi-linux/x86-arm/arm-hisiv500-linux/bin/../target/usr/lib/a7_softfp_neon-vfpv4/libc.a)svc_auth.os
(/opt/hisi-linux/x86-arm/arm-hisiv500-linux/bin/../target/usr/lib/a7_softfp_neon-vfpv4/libc.a)svc_authux.os
(/opt/hisi-linux/x86-arm/arm-hisiv500-linux/bin/../target/usr/lib/a7_softfp_neon-vfpv4/libc.a)encoded.os
(/opt/hisi-linux/x86-arm/arm-hisiv500-linux/bin/../target/usr/lib/a7_softfp_neon-vfpv4/libc.a)authunix_prot.os
(/opt/hisi-linux/x86-arm/arm-hisiv500-linux/bin/../target/usr/lib/a7_softfp_neon-vfpv4/libc.a)xdr_array.os
(/opt/hisi-linux/x86-arm/arm-hisiv500-linux/bin/../lib/gcc/arm-hisiv500-linux-uclibcgnueabi/4.9.4/a7_softfp_neon-vfpv4/libgcc_eh.a)unwind-arm.o
(/opt/hisi-linux/x86-arm/arm-hisiv500-linux/bin/../lib/gcc/arm-hisiv500-linux-uclibcgnueabi/4.9.4/a7_softfp_neon-vfpv4/libgcc_eh.a)libunwind.o
(/opt/hisi-linux/x86-arm/arm-hisiv500-linux/bin/../lib/gcc/arm-hisiv500-linux-uclibcgnueabi/4.9.4/a7_softfp_neon-vfpv4/libgcc_eh.a)pr-support.o
试图打开 /opt/hisi-linux/x86-arm/arm-hisiv500-linux/bin/../lib/gcc/arm-hisiv500-linux-uclibcgnueabi/4.9.4/a7_softfp_neon-vfpv4/crtend.o 成功
/opt/hisi-linux/x86-arm/arm-hisiv500-linux/bin/../lib/gcc/arm-hisiv500-linux-uclibcgnueabi/4.9.4/a7_softfp_neon-vfpv4/crtend.o
试图打开 /opt/hisi-linux/x86-arm/arm-hisiv500-linux/bin/../target/usr/lib/a7_softfp_neon-vfpv4/crtn.o 成功
/opt/hisi-linux/x86-arm/arm-hisiv500-linux/bin/../target/usr/lib/a7_softfp_neon-vfpv4/crtn.odebianutils/lib.a(mktemp.o)：在函数‘mktemp_main’中：
mktemp.c:(.text.mktemp_main+0xc0): 警告： the use of OBSOLESCENT `tempnam' is discouraged, use `mkstemp'
networking/lib.a(ipcalc.o)：在函数‘ipcalc_main’中：
ipcalc.c:(.text.ipcalc_main+0x218): 警告： gethostbyaddr is obsolescent, use getaddrinfo() instead.
libbb/lib.a(inet_common.o)：在函数‘INET_resolve’中：
inet_common.c:(.text.INET_resolve+0x54): 警告： gethostbyname is obsolescent, use getnameinfo() instead.

